	0 + -50i		1 + -49i		2 + -48i		3 + -47i		4 + -46i		5 + -45i		6 + -44i		7 + -43i	
	8 + -42i		9 + -41i		10 + -40i		11 + -39i		12 + -38i		13 + -37i		14 + -36i		15 + -35i	
	16 + -34i		17 + -33i		18 + -32i		19 + -31i		20 + -30i		21 + -29i		22 + -28i		23 + -27i	
	24 + -26i		25 + -25i		26 + -24i		27 + -23i		28 + -22i		29 + -21i		30 + -20i		31 + -19i	
	32 + -18i		33 + -17i		34 + -16i		35 + -15i		36 + -14i		37 + -13i		38 + -12i		39 + -11i	
	40 + -10i		41 + -9i		42 + -8i		43 + -7i		44 + -6i		45 + -5i		46 + -4i		47 + -3i	
	48 + -2i		49 + -1i		50 + 0i		51 + 1i		52 + 2i		53 + 3i		54 + 4i		55 + 5i	
	56 + 6i		57 + 7i		58 + 8i		59 + 9i		60 + 10i		61 + 11i		62 + 12i		63 + 13i	

	-40 + 40i		-39 + 41i		-38 + 42i		-37 + 43i		-36 + 44i		-35 + 45i		-34 + 46i		-33 + 47i	
	-32 + 48i		-31 + 49i		-30 + 50i		-29 + 51i		-28 + 52i		-27 + 53i		-26 + 54i		-25 + 55i	
	-24 + 56i		-23 + 57i		-22 + 58i		-21 + 59i		-20 + 60i		-19 + 61i		-18 + 62i		-17 + 63i	
	-16 + 64i		-15 + 65i		-14 + 66i		-13 + 67i		-12 + 68i		-11 + 69i		-10 + 70i		-9 + 71i	
	-8 + 72i		-7 + 73i		-6 + 74i		-5 + 75i		-4 + 76i		-3 + 77i		-2 + 78i		-1 + 79i	
	0 + 80i		1 + 81i		2 + 82i		3 + 83i		4 + 84i		5 + 85i		6 + 86i		7 + 87i	
	8 + 88i		9 + 89i		10 + 90i		11 + 91i		12 + 92i		13 + 93i		14 + 94i		15 + 95i	
	16 + 96i		17 + 97i		18 + 98i		19 + 99i		20 + 100i		21 + 101i		22 + 102i		23 + 103i	

-------------------------------------------------
matA =	
	0.00 + -50.00i	1.00 + -49.00i	2.00 + -48.00i	3.00 + -47.00i	4.00 + -46.00i	5.00 + -45.00i	6.00 + -44.00i	7.00 + -43.00i	
	8.00 + -42.00i	9.00 + -41.00i	10.00 + -40.00i	11.00 + -39.00i	12.00 + -38.00i	13.00 + -37.00i	14.00 + -36.00i	15.00 + -35.00i	
	16.00 + -34.00i	17.00 + -33.00i	18.00 + -32.00i	19.00 + -31.00i	20.00 + -30.00i	21.00 + -29.00i	22.00 + -28.00i	23.00 + -27.00i	
	24.00 + -26.00i	25.00 + -25.00i	26.00 + -24.00i	27.00 + -23.00i	28.00 + -22.00i	29.00 + -21.00i	30.00 + -20.00i	31.00 + -19.00i	
	32.00 + -18.00i	33.00 + -17.00i	34.00 + -16.00i	35.00 + -15.00i	36.00 + -14.00i	37.00 + -13.00i	38.00 + -12.00i	39.00 + -11.00i	
	40.00 + -10.00i	41.00 + -9.00i	42.00 + -8.00i	43.00 + -7.00i	44.00 + -6.00i	45.00 + -5.00i	46.00 + -4.00i	47.00 + -3.00i	
	48.00 + -2.00i	49.00 + -1.00i	50.00 + 0.00i	51.00 + 1.00i	52.00 + 2.00i	53.00 + 3.00i	54.00 + 4.00i	55.00 + 5.00i	
	56.00 + 6.00i	57.00 + 7.00i	58.00 + 8.00i	59.00 + 9.00i	60.00 + 10.00i	61.00 + 11.00i	62.00 + 12.00i	63.00 + 13.00i	
-------------------------------------------------
matB* =	
	-40.00 + 40.00i	-32.00 + 48.00i	-24.00 + 56.00i	-16.00 + 64.00i	-8.00 + 72.00i	0.00 + 80.00i	8.00 + 88.00i	16.00 + 96.00i	
	-39.00 + 41.00i	-31.00 + 49.00i	-23.00 + 57.00i	-15.00 + 65.00i	-7.00 + 73.00i	1.00 + 81.00i	9.00 + 89.00i	17.00 + 97.00i	
	-38.00 + 42.00i	-30.00 + 50.00i	-22.00 + 58.00i	-14.00 + 66.00i	-6.00 + 74.00i	2.00 + 82.00i	10.00 + 90.00i	18.00 + 98.00i	
	-37.00 + 43.00i	-29.00 + 51.00i	-21.00 + 59.00i	-13.00 + 67.00i	-5.00 + 75.00i	3.00 + 83.00i	11.00 + 91.00i	19.00 + 99.00i	
	-36.00 + 44.00i	-28.00 + 52.00i	-20.00 + 60.00i	-12.00 + 68.00i	-4.00 + 76.00i	4.00 + 84.00i	12.00 + 92.00i	20.00 + 100.00i	
	-35.00 + 45.00i	-27.00 + 53.00i	-19.00 + 61.00i	-11.00 + 69.00i	-3.00 + 77.00i	5.00 + 85.00i	13.00 + 93.00i	21.00 + 101.00i	
	-34.00 + 46.00i	-26.00 + 54.00i	-18.00 + 62.00i	-10.00 + 70.00i	-2.00 + 78.00i	6.00 + 86.00i	14.00 + 94.00i	22.00 + 102.00i	
	-33.00 + 47.00i	-25.00 + 55.00i	-17.00 + 63.00i	-9.00 + 71.00i	-1.00 + 79.00i	7.00 + 87.00i	15.00 + 95.00i	23.00 + 103.00i	
-------------------------------------------------
matA_re:
0, 1, 2, 3, 4, 5, 6, 7, 8, 9, 10, 11, 12, 13, 14, 15, 16, 17, 18, 19, 20, 21, 22, 23, 24, 25, 26, 27, 28, 29, 30, 31, 32, 33, 34, 35, 36, 37, 38, 39, 40, 41, 42, 43, 44, 45, 46, 47, 48, 49, 50, 51, 52, 53, 54, 55, 56, 57, 58, 59, 60, 61, 62, 63, 
matA_im:
-50, -49, -48, -47, -46, -45, -44, -43, -42, -41, -40, -39, -38, -37, -36, -35, -34, -33, -32, -31, -30, -29, -28, -27, -26, -25, -24, -23, -22, -21, -20, -19, -18, -17, -16, -15, -14, -13, -12, -11, -10, -9, -8, -7, -6, -5, -4, -3, -2, -1, 0, 1, 2, 3, 4, 5, 6, 7, 8, 9, 10, 11, 12, 13, 
matB_re:
-40, -32, -24, -16, -8, 0, 8, 16, -39, -31, -23, -15, -7, 1, 9, 17, -38, -30, -22, -14, -6, 2, 10, 18, -37, -29, -21, -13, -5, 3, 11, 19, -36, -28, -20, -12, -4, 4, 12, 20, -35, -27, -19, -11, -3, 5, 13, 21, -34, -26, -18, -10, -2, 6, 14, 22, -33, -25, -17, -9, -1, 7, 15, 23, 
matB_im:
40, 48, 56, 64, 72, 80, 88, 96, 41, 49, 57, 65, 73, 81, 89, 97, 42, 50, 58, 66, 74, 82, 90, 98, 43, 51, 59, 67, 75, 83, 91, 99, 44, 52, 60, 68, 76, 84, 92, 100, 45, 53, 61, 69, 77, 85, 93, 101, 46, 54, 62, 70, 78, 86, 94, 102, 47, 55, 63, 71, 79, 87, 95, 103, 

_mm256_loadu_pd(&matA_re[0])
_mm256_loadu_pd(&matA_im[0])
_mm256_loadu_pd(&matB_re[0])
_mm256_loadu_pd(&matB_im[0])
i = 0 , j = 0
_mm256_storeu_pd(&matC_re[0])
_mm256_storeu_pd(&matC_im[0])
matC_re= 2000, 2320, 2640, 2960, 0, 0, 0, 0, 0, 0, 0, 0, 0, 0, 0, 0, 0, 0, 0, 0, 
matC_im= 2000, 1616, 1264, 944, 0, 0, 0, 0, 0, 0, 0, 0, 0, 0, 0, 0, 0, 0, 0, 0, 
=================================

_mm256_loadu_pd(&matA_re[4])
_mm256_loadu_pd(&matA_im[4])
_mm256_loadu_pd(&matB_re[4])
_mm256_loadu_pd(&matB_im[4])
i = 0 , j = 0
_mm256_storeu_pd(&matC_re[4])
_mm256_storeu_pd(&matC_im[4])
matC_re= 2000, 2320, 2640, 2960, 3280, 3600, 3920, 4240, 0, 0, 0, 0, 0, 0, 0, 0, 0, 0, 0, 0, 
matC_im= 2000, 1616, 1264, 944, 656, 400, 176, -16, 0, 0, 0, 0, 0, 0, 0, 0, 0, 0, 0, 0, 
=================================

_mm256_loadu_pd(&matA_re[0])
_mm256_loadu_pd(&matA_im[0])
_mm256_loadu_pd(&matB_re[8])
_mm256_loadu_pd(&matB_im[8])
i = 0 , j = 1
_mm256_storeu_pd(&matC_re[8])
_mm256_storeu_pd(&matC_im[8])
matC_re= 2000, 2320, 2640, 2960, 3280, 3600, 3920, 4240, 2050, 2370, 2690, 3010, 0, 0, 0, 0, 0, 0, 0, 0, 
matC_im= 2000, 1616, 1264, 944, 656, 400, 176, -16, 1950, 1568, 1218, 900, 0, 0, 0, 0, 0, 0, 0, 0, 
=================================

_mm256_loadu_pd(&matA_re[4])
_mm256_loadu_pd(&matA_im[4])
_mm256_loadu_pd(&matB_re[12])
_mm256_loadu_pd(&matB_im[12])
i = 0 , j = 1
_mm256_storeu_pd(&matC_re[12])
_mm256_storeu_pd(&matC_im[12])
matC_re= 2000, 2320, 2640, 2960, 3280, 3600, 3920, 4240, 2050, 2370, 2690, 3010, 3330, 3650, 3970, 4290, 0, 0, 0, 0, 
matC_im= 2000, 1616, 1264, 944, 656, 400, 176, -16, 1950, 1568, 1218, 900, 614, 360, 138, -52, 0, 0, 0, 0, 
=================================

_mm256_loadu_pd(&matA_re[0])
_mm256_loadu_pd(&matA_im[0])
_mm256_loadu_pd(&matB_re[16])
_mm256_loadu_pd(&matB_im[16])
i = 0 , j = 2
_mm256_storeu_pd(&matC_re[16])
_mm256_storeu_pd(&matC_im[16])
matC_re= 2000, 2320, 2640, 2960, 3280, 3600, 3920, 4240, 2050, 2370, 2690, 3010, 3330, 3650, 3970, 4290, 2100, 2420, 2740, 3060, 
matC_im= 2000, 1616, 1264, 944, 656, 400, 176, -16, 1950, 1568, 1218, 900, 614, 360, 138, -52, 1900, 1520, 1172, 856, 
=================================

_mm256_loadu_pd(&matA_re[4])
_mm256_loadu_pd(&matA_im[4])
_mm256_loadu_pd(&matB_re[20])
_mm256_loadu_pd(&matB_im[20])
i = 0 , j = 2
_mm256_storeu_pd(&matC_re[20])
_mm256_storeu_pd(&matC_im[20])
matC_re= 2000, 2320, 2640, 2960, 3280, 3600, 3920, 4240, 2050, 2370, 2690, 3010, 3330, 3650, 3970, 4290, 2100, 2420, 2740, 3060, 
matC_im= 2000, 1616, 1264, 944, 656, 400, 176, -16, 1950, 1568, 1218, 900, 614, 360, 138, -52, 1900, 1520, 1172, 856, 
=================================

_mm256_loadu_pd(&matA_re[0])
_mm256_loadu_pd(&matA_im[0])
_mm256_loadu_pd(&matB_re[24])
_mm256_loadu_pd(&matB_im[24])
i = 0 , j = 3
_mm256_storeu_pd(&matC_re[24])
_mm256_storeu_pd(&matC_im[24])
matC_re= 2000, 2320, 2640, 2960, 3280, 3600, 3920, 4240, 2050, 2370, 2690, 3010, 3330, 3650, 3970, 4290, 2100, 2420, 2740, 3060, 
matC_im= 2000, 1616, 1264, 944, 656, 400, 176, -16, 1950, 1568, 1218, 900, 614, 360, 138, -52, 1900, 1520, 1172, 856, 
=================================

_mm256_loadu_pd(&matA_re[4])
_mm256_loadu_pd(&matA_im[4])
_mm256_loadu_pd(&matB_re[28])
_mm256_loadu_pd(&matB_im[28])
i = 0 , j = 3
_mm256_storeu_pd(&matC_re[28])
_mm256_storeu_pd(&matC_im[28])
matC_re= 2000, 2320, 2640, 2960, 3280, 3600, 3920, 4240, 2050, 2370, 2690, 3010, 3330, 3650, 3970, 4290, 2100, 2420, 2740, 3060, 
matC_im= 2000, 1616, 1264, 944, 656, 400, 176, -16, 1950, 1568, 1218, 900, 614, 360, 138, -52, 1900, 1520, 1172, 856, 
=================================

_mm256_loadu_pd(&matA_re[0])
_mm256_loadu_pd(&matA_im[0])
_mm256_loadu_pd(&matB_re[32])
_mm256_loadu_pd(&matB_im[32])
i = 0 , j = 4
_mm256_storeu_pd(&matC_re[32])
_mm256_storeu_pd(&matC_im[32])
matC_re= 2000, 2320, 2640, 2960, 3280, 3600, 3920, 4240, 2050, 2370, 2690, 3010, 3330, 3650, 3970, 4290, 2100, 2420, 2740, 3060, 
matC_im= 2000, 1616, 1264, 944, 656, 400, 176, -16, 1950, 1568, 1218, 900, 614, 360, 138, -52, 1900, 1520, 1172, 856, 
=================================

_mm256_loadu_pd(&matA_re[4])
_mm256_loadu_pd(&matA_im[4])
_mm256_loadu_pd(&matB_re[36])
_mm256_loadu_pd(&matB_im[36])
i = 0 , j = 4
_mm256_storeu_pd(&matC_re[36])
_mm256_storeu_pd(&matC_im[36])
matC_re= 2000, 2320, 2640, 2960, 3280, 3600, 3920, 4240, 2050, 2370, 2690, 3010, 3330, 3650, 3970, 4290, 2100, 2420, 2740, 3060, 
matC_im= 2000, 1616, 1264, 944, 656, 400, 176, -16, 1950, 1568, 1218, 900, 614, 360, 138, -52, 1900, 1520, 1172, 856, 
=================================

_mm256_loadu_pd(&matA_re[0])
_mm256_loadu_pd(&matA_im[0])
_mm256_loadu_pd(&matB_re[40])
_mm256_loadu_pd(&matB_im[40])
i = 0 , j = 5
_mm256_storeu_pd(&matC_re[40])
_mm256_storeu_pd(&matC_im[40])
matC_re= 2000, 2320, 2640, 2960, 3280, 3600, 3920, 4240, 2050, 2370, 2690, 3010, 3330, 3650, 3970, 4290, 2100, 2420, 2740, 3060, 
matC_im= 2000, 1616, 1264, 944, 656, 400, 176, -16, 1950, 1568, 1218, 900, 614, 360, 138, -52, 1900, 1520, 1172, 856, 
=================================

_mm256_loadu_pd(&matA_re[4])
_mm256_loadu_pd(&matA_im[4])
_mm256_loadu_pd(&matB_re[44])
_mm256_loadu_pd(&matB_im[44])
i = 0 , j = 5
_mm256_storeu_pd(&matC_re[44])
_mm256_storeu_pd(&matC_im[44])
matC_re= 2000, 2320, 2640, 2960, 3280, 3600, 3920, 4240, 2050, 2370, 2690, 3010, 3330, 3650, 3970, 4290, 2100, 2420, 2740, 3060, 
matC_im= 2000, 1616, 1264, 944, 656, 400, 176, -16, 1950, 1568, 1218, 900, 614, 360, 138, -52, 1900, 1520, 1172, 856, 
=================================

_mm256_loadu_pd(&matA_re[0])
_mm256_loadu_pd(&matA_im[0])
_mm256_loadu_pd(&matB_re[48])
_mm256_loadu_pd(&matB_im[48])
i = 0 , j = 6
_mm256_storeu_pd(&matC_re[48])
_mm256_storeu_pd(&matC_im[48])
matC_re= 2000, 2320, 2640, 2960, 3280, 3600, 3920, 4240, 2050, 2370, 2690, 3010, 3330, 3650, 3970, 4290, 2100, 2420, 2740, 3060, 
matC_im= 2000, 1616, 1264, 944, 656, 400, 176, -16, 1950, 1568, 1218, 900, 614, 360, 138, -52, 1900, 1520, 1172, 856, 
=================================

_mm256_loadu_pd(&matA_re[4])
_mm256_loadu_pd(&matA_im[4])
_mm256_loadu_pd(&matB_re[52])
_mm256_loadu_pd(&matB_im[52])
i = 0 , j = 6
_mm256_storeu_pd(&matC_re[52])
_mm256_storeu_pd(&matC_im[52])
matC_re= 2000, 2320, 2640, 2960, 3280, 3600, 3920, 4240, 2050, 2370, 2690, 3010, 3330, 3650, 3970, 4290, 2100, 2420, 2740, 3060, 
matC_im= 2000, 1616, 1264, 944, 656, 400, 176, -16, 1950, 1568, 1218, 900, 614, 360, 138, -52, 1900, 1520, 1172, 856, 
=================================

_mm256_loadu_pd(&matA_re[0])
_mm256_loadu_pd(&matA_im[0])
_mm256_loadu_pd(&matB_re[56])
_mm256_loadu_pd(&matB_im[56])
i = 0 , j = 7
_mm256_storeu_pd(&matC_re[56])
_mm256_storeu_pd(&matC_im[56])
matC_re= 2000, 2320, 2640, 2960, 3280, 3600, 3920, 4240, 2050, 2370, 2690, 3010, 3330, 3650, 3970, 4290, 2100, 2420, 2740, 3060, 
matC_im= 2000, 1616, 1264, 944, 656, 400, 176, -16, 1950, 1568, 1218, 900, 614, 360, 138, -52, 1900, 1520, 1172, 856, 
=================================

_mm256_loadu_pd(&matA_re[4])
_mm256_loadu_pd(&matA_im[4])
_mm256_loadu_pd(&matB_re[60])
_mm256_loadu_pd(&matB_im[60])
i = 0 , j = 7
_mm256_storeu_pd(&matC_re[60])
_mm256_storeu_pd(&matC_im[60])
matC_re= 2000, 2320, 2640, 2960, 3280, 3600, 3920, 4240, 2050, 2370, 2690, 3010, 3330, 3650, 3970, 4290, 2100, 2420, 2740, 3060, 
matC_im= 2000, 1616, 1264, 944, 656, 400, 176, -16, 1950, 1568, 1218, 900, 614, 360, 138, -52, 1900, 1520, 1172, 856, 
=================================

_mm256_loadu_pd(&matA_re[4])
_mm256_loadu_pd(&matA_im[4])
_mm256_loadu_pd(&matB_re[0])
_mm256_loadu_pd(&matB_im[0])
i = 1 , j = 0
_mm256_storeu_pd(&matC_re[64])
_mm256_storeu_pd(&matC_im[64])
matC_re= 2000, 2320, 2640, 2960, 3280, 3600, 3920, 4240, 2050, 2370, 2690, 3010, 3330, 3650, 3970, 4290, 2100, 2420, 2740, 3060, 
matC_im= 2000, 1616, 1264, 944, 656, 400, 176, -16, 1950, 1568, 1218, 900, 614, 360, 138, -52, 1900, 1520, 1172, 856, 
=================================

_mm256_loadu_pd(&matA_re[8])
_mm256_loadu_pd(&matA_im[8])
_mm256_loadu_pd(&matB_re[4])
_mm256_loadu_pd(&matB_im[4])
i = 1 , j = 0
_mm256_storeu_pd(&matC_re[68])
_mm256_storeu_pd(&matC_im[68])
matC_re= 2000, 2320, 2640, 2960, 3280, 3600, 3920, 4240, 2050, 2370, 2690, 3010, 3330, 3650, 3970, 4290, 2100, 2420, 2740, 3060, 
matC_im= 2000, 1616, 1264, 944, 656, 400, 176, -16, 1950, 1568, 1218, 900, 614, 360, 138, -52, 1900, 1520, 1172, 856, 
=================================

_mm256_loadu_pd(&matA_re[4])
_mm256_loadu_pd(&matA_im[4])
_mm256_loadu_pd(&matB_re[8])
_mm256_loadu_pd(&matB_im[8])
i = 1 , j = 1
_mm256_storeu_pd(&matC_re[72])
_mm256_storeu_pd(&matC_im[72])
matC_re= 2000, 2320, 2640, 2960, 3280, 3600, 3920, 4240, 2050, 2370, 2690, 3010, 3330, 3650, 3970, 4290, 2100, 2420, 2740, 3060, 
matC_im= 2000, 1616, 1264, 944, 656, 400, 176, -16, 1950, 1568, 1218, 900, 614, 360, 138, -52, 1900, 1520, 1172, 856, 
=================================

_mm256_loadu_pd(&matA_re[8])
_mm256_loadu_pd(&matA_im[8])
_mm256_loadu_pd(&matB_re[12])
_mm256_loadu_pd(&matB_im[12])
i = 1 , j = 1
_mm256_storeu_pd(&matC_re[76])
_mm256_storeu_pd(&matC_im[76])
matC_re= 2000, 2320, 2640, 2960, 3280, 3600, 3920, 4240, 2050, 2370, 2690, 3010, 3330, 3650, 3970, 4290, 2100, 2420, 2740, 3060, 
matC_im= 2000, 1616, 1264, 944, 656, 400, 176, -16, 1950, 1568, 1218, 900, 614, 360, 138, -52, 1900, 1520, 1172, 856, 
=================================

_mm256_loadu_pd(&matA_re[4])
_mm256_loadu_pd(&matA_im[4])
_mm256_loadu_pd(&matB_re[16])
_mm256_loadu_pd(&matB_im[16])
i = 1 , j = 2
_mm256_storeu_pd(&matC_re[80])
_mm256_storeu_pd(&matC_im[80])
matC_re= 2000, 2320, 2640, 2960, 3280, 3600, 3920, 4240, 2050, 2370, 2690, 3010, 3330, 3650, 3970, 4290, 2100, 2420, 2740, 3060, 
matC_im= 2000, 1616, 1264, 944, 656, 400, 176, -16, 1950, 1568, 1218, 900, 614, 360, 138, -52, 1900, 1520, 1172, 856, 
=================================

_mm256_loadu_pd(&matA_re[8])
_mm256_loadu_pd(&matA_im[8])
_mm256_loadu_pd(&matB_re[20])
_mm256_loadu_pd(&matB_im[20])
i = 1 , j = 2
_mm256_storeu_pd(&matC_re[84])
_mm256_storeu_pd(&matC_im[84])
matC_re= 2000, 2320, 2640, 2960, 3280, 3600, 3920, 4240, 2050, 2370, 2690, 3010, 3330, 3650, 3970, 4290, 2100, 2420, 2740, 3060, 
matC_im= 2000, 1616, 1264, 944, 656, 400, 176, -16, 1950, 1568, 1218, 900, 614, 360, 138, -52, 1900, 1520, 1172, 856, 
=================================

_mm256_loadu_pd(&matA_re[4])
_mm256_loadu_pd(&matA_im[4])
_mm256_loadu_pd(&matB_re[24])
_mm256_loadu_pd(&matB_im[24])
i = 1 , j = 3
_mm256_storeu_pd(&matC_re[88])
_mm256_storeu_pd(&matC_im[88])
matC_re= 2000, 2320, 2640, 2960, 3280, 3600, 3920, 4240, 2050, 2370, 2690, 3010, 3330, 3650, 3970, 4290, 2100, 2420, 2740, 3060, 
matC_im= 2000, 1616, 1264, 944, 656, 400, 176, -16, 1950, 1568, 1218, 900, 614, 360, 138, -52, 1900, 1520, 1172, 856, 
=================================

_mm256_loadu_pd(&matA_re[8])
_mm256_loadu_pd(&matA_im[8])
_mm256_loadu_pd(&matB_re[28])
_mm256_loadu_pd(&matB_im[28])
i = 1 , j = 3
_mm256_storeu_pd(&matC_re[92])
_mm256_storeu_pd(&matC_im[92])
matC_re= 2000, 2320, 2640, 2960, 3280, 3600, 3920, 4240, 2050, 2370, 2690, 3010, 3330, 3650, 3970, 4290, 2100, 2420, 2740, 3060, 
matC_im= 2000, 1616, 1264, 944, 656, 400, 176, -16, 1950, 1568, 1218, 900, 614, 360, 138, -52, 1900, 1520, 1172, 856, 
=================================

_mm256_loadu_pd(&matA_re[4])
_mm256_loadu_pd(&matA_im[4])
_mm256_loadu_pd(&matB_re[32])
_mm256_loadu_pd(&matB_im[32])
i = 1 , j = 4
_mm256_storeu_pd(&matC_re[96])
_mm256_storeu_pd(&matC_im[96])
matC_re= 2000, 2320, 2640, 2960, 3280, 3600, 3920, 4240, 2050, 2370, 2690, 3010, 3330, 3650, 3970, 4290, 2100, 2420, 2740, 3060, 
matC_im= 2000, 1616, 1264, 944, 656, 400, 176, -16, 1950, 1568, 1218, 900, 614, 360, 138, -52, 1900, 1520, 1172, 856, 
=================================

_mm256_loadu_pd(&matA_re[8])
_mm256_loadu_pd(&matA_im[8])
_mm256_loadu_pd(&matB_re[36])
_mm256_loadu_pd(&matB_im[36])
i = 1 , j = 4
_mm256_storeu_pd(&matC_re[100])
_mm256_storeu_pd(&matC_im[100])
matC_re= 2000, 2320, 2640, 2960, 3280, 3600, 3920, 4240, 2050, 2370, 2690, 3010, 3330, 3650, 3970, 4290, 2100, 2420, 2740, 3060, 
matC_im= 2000, 1616, 1264, 944, 656, 400, 176, -16, 1950, 1568, 1218, 900, 614, 360, 138, -52, 1900, 1520, 1172, 856, 
=================================

_mm256_loadu_pd(&matA_re[4])
_mm256_loadu_pd(&matA_im[4])
_mm256_loadu_pd(&matB_re[40])
_mm256_loadu_pd(&matB_im[40])
i = 1 , j = 5
_mm256_storeu_pd(&matC_re[104])
_mm256_storeu_pd(&matC_im[104])
matC_re= 2000, 2320, 2640, 2960, 3280, 3600, 3920, 4240, 2050, 2370, 2690, 3010, 3330, 3650, 3970, 4290, 2100, 2420, 2740, 3060, 
matC_im= 2000, 1616, 1264, 944, 656, 400, 176, -16, 1950, 1568, 1218, 900, 614, 360, 138, -52, 1900, 1520, 1172, 856, 
=================================

_mm256_loadu_pd(&matA_re[8])
_mm256_loadu_pd(&matA_im[8])
_mm256_loadu_pd(&matB_re[44])
_mm256_loadu_pd(&matB_im[44])
i = 1 , j = 5
_mm256_storeu_pd(&matC_re[108])
_mm256_storeu_pd(&matC_im[108])
matC_re= 2000, 2320, 2640, 2960, 3280, 3600, 3920, 4240, 2050, 2370, 2690, 3010, 3330, 3650, 3970, 4290, 2100, 2420, 2740, 3060, 
matC_im= 2000, 1616, 1264, 944, 656, 400, 176, -16, 1950, 1568, 1218, 900, 614, 360, 138, -52, 1900, 1520, 1172, 856, 
=================================

_mm256_loadu_pd(&matA_re[4])
_mm256_loadu_pd(&matA_im[4])
_mm256_loadu_pd(&matB_re[48])
_mm256_loadu_pd(&matB_im[48])
i = 1 , j = 6
_mm256_storeu_pd(&matC_re[112])
_mm256_storeu_pd(&matC_im[112])
matC_re= 2000, 2320, 2640, 2960, 3280, 3600, 3920, 4240, 2050, 2370, 2690, 3010, 3330, 3650, 3970, 4290, 2100, 2420, 2740, 3060, 
matC_im= 2000, 1616, 1264, 944, 656, 400, 176, -16, 1950, 1568, 1218, 900, 614, 360, 138, -52, 1900, 1520, 1172, 856, 
=================================

_mm256_loadu_pd(&matA_re[8])
_mm256_loadu_pd(&matA_im[8])
_mm256_loadu_pd(&matB_re[52])
_mm256_loadu_pd(&matB_im[52])
i = 1 , j = 6
_mm256_storeu_pd(&matC_re[116])
_mm256_storeu_pd(&matC_im[116])
matC_re= 2000, 2320, 2640, 2960, 3280, 3600, 3920, 4240, 2050, 2370, 2690, 3010, 3330, 3650, 3970, 4290, 2100, 2420, 2740, 3060, 
matC_im= 2000, 1616, 1264, 944, 656, 400, 176, -16, 1950, 1568, 1218, 900, 614, 360, 138, -52, 1900, 1520, 1172, 856, 
=================================

_mm256_loadu_pd(&matA_re[4])
_mm256_loadu_pd(&matA_im[4])
_mm256_loadu_pd(&matB_re[56])
_mm256_loadu_pd(&matB_im[56])
i = 1 , j = 7
_mm256_storeu_pd(&matC_re[120])
_mm256_storeu_pd(&matC_im[120])
matC_re= 2000, 2320, 2640, 2960, 3280, 3600, 3920, 4240, 2050, 2370, 2690, 3010, 3330, 3650, 3970, 4290, 2100, 2420, 2740, 3060, 
matC_im= 2000, 1616, 1264, 944, 656, 400, 176, -16, 1950, 1568, 1218, 900, 614, 360, 138, -52, 1900, 1520, 1172, 856, 
=================================

_mm256_loadu_pd(&matA_re[8])
_mm256_loadu_pd(&matA_im[8])
_mm256_loadu_pd(&matB_re[60])
_mm256_loadu_pd(&matB_im[60])
i = 1 , j = 7
_mm256_storeu_pd(&matC_re[124])
_mm256_storeu_pd(&matC_im[124])
matC_re= 2000, 2320, 2640, 2960, 3280, 3600, 3920, 4240, 2050, 2370, 2690, 3010, 3330, 3650, 3970, 4290, 2100, 2420, 2740, 3060, 
matC_im= 2000, 1616, 1264, 944, 656, 400, 176, -16, 1950, 1568, 1218, 900, 614, 360, 138, -52, 1900, 1520, 1172, 856, 
=================================

_mm256_loadu_pd(&matA_re[8])
_mm256_loadu_pd(&matA_im[8])
_mm256_loadu_pd(&matB_re[0])
_mm256_loadu_pd(&matB_im[0])
i = 2 , j = 0
_mm256_storeu_pd(&matC_re[128])
_mm256_storeu_pd(&matC_im[128])
matC_re= 2000, 2320, 2640, 2960, 3280, 3600, 3920, 4240, 2050, 2370, 2690, 3010, 3330, 3650, 3970, 4290, 2100, 2420, 2740, 3060, 
matC_im= 2000, 1616, 1264, 944, 656, 400, 176, -16, 1950, 1568, 1218, 900, 614, 360, 138, -52, 1900, 1520, 1172, 856, 
=================================

_mm256_loadu_pd(&matA_re[12])
_mm256_loadu_pd(&matA_im[12])
_mm256_loadu_pd(&matB_re[4])
_mm256_loadu_pd(&matB_im[4])
i = 2 , j = 0
_mm256_storeu_pd(&matC_re[132])
_mm256_storeu_pd(&matC_im[132])
matC_re= 2000, 2320, 2640, 2960, 3280, 3600, 3920, 4240, 2050, 2370, 2690, 3010, 3330, 3650, 3970, 4290, 2100, 2420, 2740, 3060, 
matC_im= 2000, 1616, 1264, 944, 656, 400, 176, -16, 1950, 1568, 1218, 900, 614, 360, 138, -52, 1900, 1520, 1172, 856, 
=================================

_mm256_loadu_pd(&matA_re[8])
_mm256_loadu_pd(&matA_im[8])
_mm256_loadu_pd(&matB_re[8])
_mm256_loadu_pd(&matB_im[8])
i = 2 , j = 1
_mm256_storeu_pd(&matC_re[136])
_mm256_storeu_pd(&matC_im[136])
matC_re= 2000, 2320, 2640, 2960, 3280, 3600, 3920, 4240, 2050, 2370, 2690, 3010, 3330, 3650, 3970, 4290, 2100, 2420, 2740, 3060, 
matC_im= 2000, 1616, 1264, 944, 656, 400, 176, -16, 1950, 1568, 1218, 900, 614, 360, 138, -52, 1900, 1520, 1172, 856, 
=================================

_mm256_loadu_pd(&matA_re[12])
_mm256_loadu_pd(&matA_im[12])
_mm256_loadu_pd(&matB_re[12])
_mm256_loadu_pd(&matB_im[12])
i = 2 , j = 1
_mm256_storeu_pd(&matC_re[140])
_mm256_storeu_pd(&matC_im[140])
matC_re= 2000, 2320, 2640, 2960, 3280, 3600, 3920, 4240, 2050, 2370, 2690, 3010, 3330, 3650, 3970, 4290, 2100, 2420, 2740, 3060, 
matC_im= 2000, 1616, 1264, 944, 656, 400, 176, -16, 1950, 1568, 1218, 900, 614, 360, 138, -52, 1900, 1520, 1172, 856, 
=================================

_mm256_loadu_pd(&matA_re[8])
_mm256_loadu_pd(&matA_im[8])
_mm256_loadu_pd(&matB_re[16])
_mm256_loadu_pd(&matB_im[16])
i = 2 , j = 2
_mm256_storeu_pd(&matC_re[144])
_mm256_storeu_pd(&matC_im[144])
matC_re= 2000, 2320, 2640, 2960, 3280, 3600, 3920, 4240, 2050, 2370, 2690, 3010, 3330, 3650, 3970, 4290, 2100, 2420, 2740, 3060, 
matC_im= 2000, 1616, 1264, 944, 656, 400, 176, -16, 1950, 1568, 1218, 900, 614, 360, 138, -52, 1900, 1520, 1172, 856, 
=================================

_mm256_loadu_pd(&matA_re[12])
_mm256_loadu_pd(&matA_im[12])
_mm256_loadu_pd(&matB_re[20])
_mm256_loadu_pd(&matB_im[20])
i = 2 , j = 2
_mm256_storeu_pd(&matC_re[148])
_mm256_storeu_pd(&matC_im[148])
matC_re= 2000, 2320, 2640, 2960, 3280, 3600, 3920, 4240, 2050, 2370, 2690, 3010, 3330, 3650, 3970, 4290, 2100, 2420, 2740, 3060, 
matC_im= 2000, 1616, 1264, 944, 656, 400, 176, -16, 1950, 1568, 1218, 900, 614, 360, 138, -52, 1900, 1520, 1172, 856, 
=================================

_mm256_loadu_pd(&matA_re[8])
_mm256_loadu_pd(&matA_im[8])
_mm256_loadu_pd(&matB_re[24])
_mm256_loadu_pd(&matB_im[24])
i = 2 , j = 3
_mm256_storeu_pd(&matC_re[152])
_mm256_storeu_pd(&matC_im[152])
matC_re= 2000, 2320, 2640, 2960, 3280, 3600, 3920, 4240, 2050, 2370, 2690, 3010, 3330, 3650, 3970, 4290, 2100, 2420, 2740, 3060, 
matC_im= 2000, 1616, 1264, 944, 656, 400, 176, -16, 1950, 1568, 1218, 900, 614, 360, 138, -52, 1900, 1520, 1172, 856, 
=================================

_mm256_loadu_pd(&matA_re[12])
_mm256_loadu_pd(&matA_im[12])
_mm256_loadu_pd(&matB_re[28])
_mm256_loadu_pd(&matB_im[28])
i = 2 , j = 3
_mm256_storeu_pd(&matC_re[156])
_mm256_storeu_pd(&matC_im[156])
matC_re= 2000, 2320, 2640, 2960, 3280, 3600, 3920, 4240, 2050, 2370, 2690, 3010, 3330, 3650, 3970, 4290, 2100, 2420, 2740, 3060, 
matC_im= 2000, 1616, 1264, 944, 656, 400, 176, -16, 1950, 1568, 1218, 900, 614, 360, 138, -52, 1900, 1520, 1172, 856, 
=================================

_mm256_loadu_pd(&matA_re[8])
_mm256_loadu_pd(&matA_im[8])
_mm256_loadu_pd(&matB_re[32])
_mm256_loadu_pd(&matB_im[32])
i = 2 , j = 4
_mm256_storeu_pd(&matC_re[160])
_mm256_storeu_pd(&matC_im[160])
matC_re= 2000, 2320, 2640, 2960, 3280, 3600, 3920, 4240, 2050, 2370, 2690, 3010, 3330, 3650, 3970, 4290, 2100, 2420, 2740, 3060, 
matC_im= 2000, 1616, 1264, 944, 656, 400, 176, -16, 1950, 1568, 1218, 900, 614, 360, 138, -52, 1900, 1520, 1172, 856, 
=================================

_mm256_loadu_pd(&matA_re[12])
_mm256_loadu_pd(&matA_im[12])
_mm256_loadu_pd(&matB_re[36])
_mm256_loadu_pd(&matB_im[36])
i = 2 , j = 4
_mm256_storeu_pd(&matC_re[164])
_mm256_storeu_pd(&matC_im[164])
matC_re= 2000, 2320, 2640, 2960, 3280, 3600, 3920, 4240, 2050, 2370, 2690, 3010, 3330, 3650, 3970, 4290, 2100, 2420, 2740, 3060, 
matC_im= 2000, 1616, 1264, 944, 656, 400, 176, -16, 1950, 1568, 1218, 900, 614, 360, 138, -52, 1900, 1520, 1172, 856, 
=================================

_mm256_loadu_pd(&matA_re[8])
_mm256_loadu_pd(&matA_im[8])
_mm256_loadu_pd(&matB_re[40])
_mm256_loadu_pd(&matB_im[40])
i = 2 , j = 5
_mm256_storeu_pd(&matC_re[168])
_mm256_storeu_pd(&matC_im[168])
matC_re= 2000, 2320, 2640, 2960, 3280, 3600, 3920, 4240, 2050, 2370, 2690, 3010, 3330, 3650, 3970, 4290, 2100, 2420, 2740, 3060, 
matC_im= 2000, 1616, 1264, 944, 656, 400, 176, -16, 1950, 1568, 1218, 900, 614, 360, 138, -52, 1900, 1520, 1172, 856, 
=================================

_mm256_loadu_pd(&matA_re[12])
_mm256_loadu_pd(&matA_im[12])
_mm256_loadu_pd(&matB_re[44])
_mm256_loadu_pd(&matB_im[44])
i = 2 , j = 5
_mm256_storeu_pd(&matC_re[172])
_mm256_storeu_pd(&matC_im[172])
matC_re= 2000, 2320, 2640, 2960, 3280, 3600, 3920, 4240, 2050, 2370, 2690, 3010, 3330, 3650, 3970, 4290, 2100, 2420, 2740, 3060, 
matC_im= 2000, 1616, 1264, 944, 656, 400, 176, -16, 1950, 1568, 1218, 900, 614, 360, 138, -52, 1900, 1520, 1172, 856, 
=================================

_mm256_loadu_pd(&matA_re[8])
_mm256_loadu_pd(&matA_im[8])
_mm256_loadu_pd(&matB_re[48])
_mm256_loadu_pd(&matB_im[48])
i = 2 , j = 6
_mm256_storeu_pd(&matC_re[176])
_mm256_storeu_pd(&matC_im[176])
matC_re= 2000, 2320, 2640, 2960, 3280, 3600, 3920, 4240, 2050, 2370, 2690, 3010, 3330, 3650, 3970, 4290, 2100, 2420, 2740, 3060, 
matC_im= 2000, 1616, 1264, 944, 656, 400, 176, -16, 1950, 1568, 1218, 900, 614, 360, 138, -52, 1900, 1520, 1172, 856, 
=================================

_mm256_loadu_pd(&matA_re[12])
_mm256_loadu_pd(&matA_im[12])
_mm256_loadu_pd(&matB_re[52])
_mm256_loadu_pd(&matB_im[52])
i = 2 , j = 6
_mm256_storeu_pd(&matC_re[180])
_mm256_storeu_pd(&matC_im[180])
matC_re= 2000, 2320, 2640, 2960, 3280, 3600, 3920, 4240, 2050, 2370, 2690, 3010, 3330, 3650, 3970, 4290, 2100, 2420, 2740, 3060, 
matC_im= 2000, 1616, 1264, 944, 656, 400, 176, -16, 1950, 1568, 1218, 900, 614, 360, 138, -52, 1900, 1520, 1172, 856, 
=================================

_mm256_loadu_pd(&matA_re[8])
_mm256_loadu_pd(&matA_im[8])
_mm256_loadu_pd(&matB_re[56])
_mm256_loadu_pd(&matB_im[56])
i = 2 , j = 7
_mm256_storeu_pd(&matC_re[184])
_mm256_storeu_pd(&matC_im[184])
matC_re= 2000, 2320, 2640, 2960, 3280, 3600, 3920, 4240, 2050, 2370, 2690, 3010, 3330, 3650, 3970, 4290, 2100, 2420, 2740, 3060, 
matC_im= 2000, 1616, 1264, 944, 656, 400, 176, -16, 1950, 1568, 1218, 900, 614, 360, 138, -52, 1900, 1520, 1172, 856, 
=================================

_mm256_loadu_pd(&matA_re[12])
_mm256_loadu_pd(&matA_im[12])
_mm256_loadu_pd(&matB_re[60])
_mm256_loadu_pd(&matB_im[60])
i = 2 , j = 7
_mm256_storeu_pd(&matC_re[188])
_mm256_storeu_pd(&matC_im[188])
matC_re= 2000, 2320, 2640, 2960, 3280, 3600, 3920, 4240, 2050, 2370, 2690, 3010, 3330, 3650, 3970, 4290, 2100, 2420, 2740, 3060, 
matC_im= 2000, 1616, 1264, 944, 656, 400, 176, -16, 1950, 1568, 1218, 900, 614, 360, 138, -52, 1900, 1520, 1172, 856, 
=================================

_mm256_loadu_pd(&matA_re[12])
_mm256_loadu_pd(&matA_im[12])
_mm256_loadu_pd(&matB_re[0])
_mm256_loadu_pd(&matB_im[0])
i = 3 , j = 0
_mm256_storeu_pd(&matC_re[192])
_mm256_storeu_pd(&matC_im[192])
matC_re= 2000, 2320, 2640, 2960, 3280, 3600, 3920, 4240, 2050, 2370, 2690, 3010, 3330, 3650, 3970, 4290, 2100, 2420, 2740, 3060, 
matC_im= 2000, 1616, 1264, 944, 656, 400, 176, -16, 1950, 1568, 1218, 900, 614, 360, 138, -52, 1900, 1520, 1172, 856, 
=================================

_mm256_loadu_pd(&matA_re[16])
_mm256_loadu_pd(&matA_im[16])
_mm256_loadu_pd(&matB_re[4])
_mm256_loadu_pd(&matB_im[4])
i = 3 , j = 0
_mm256_storeu_pd(&matC_re[196])
_mm256_storeu_pd(&matC_im[196])
matC_re= 2000, 2320, 2640, 2960, 3280, 3600, 3920, 4240, 2050, 2370, 2690, 3010, 3330, 3650, 3970, 4290, 2100, 2420, 2740, 3060, 
matC_im= 2000, 1616, 1264, 944, 656, 400, 176, -16, 1950, 1568, 1218, 900, 614, 360, 138, -52, 1900, 1520, 1172, 856, 
=================================

_mm256_loadu_pd(&matA_re[12])
_mm256_loadu_pd(&matA_im[12])
_mm256_loadu_pd(&matB_re[8])
_mm256_loadu_pd(&matB_im[8])
i = 3 , j = 1
_mm256_storeu_pd(&matC_re[200])
_mm256_storeu_pd(&matC_im[200])
matC_re= 2000, 2320, 2640, 2960, 3280, 3600, 3920, 4240, 2050, 2370, 2690, 3010, 3330, 3650, 3970, 4290, 2100, 2420, 2740, 3060, 
matC_im= 2000, 1616, 1264, 944, 656, 400, 176, -16, 1950, 1568, 1218, 900, 614, 360, 138, -52, 1900, 1520, 1172, 856, 
=================================

_mm256_loadu_pd(&matA_re[16])
_mm256_loadu_pd(&matA_im[16])
_mm256_loadu_pd(&matB_re[12])
_mm256_loadu_pd(&matB_im[12])
i = 3 , j = 1
_mm256_storeu_pd(&matC_re[204])
_mm256_storeu_pd(&matC_im[204])
matC_re= 2000, 2320, 2640, 2960, 3280, 3600, 3920, 4240, 2050, 2370, 2690, 3010, 3330, 3650, 3970, 4290, 2100, 2420, 2740, 3060, 
matC_im= 2000, 1616, 1264, 944, 656, 400, 176, -16, 1950, 1568, 1218, 900, 614, 360, 138, -52, 1900, 1520, 1172, 856, 
=================================

_mm256_loadu_pd(&matA_re[12])
_mm256_loadu_pd(&matA_im[12])
_mm256_loadu_pd(&matB_re[16])
_mm256_loadu_pd(&matB_im[16])
i = 3 , j = 2
_mm256_storeu_pd(&matC_re[208])
_mm256_storeu_pd(&matC_im[208])
matC_re= 2000, 2320, 2640, 2960, 3280, 3600, 3920, 4240, 2050, 2370, 2690, 3010, 3330, 3650, 3970, 4290, 2100, 2420, 2740, 3060, 
matC_im= 2000, 1616, 1264, 944, 656, 400, 176, -16, 1950, 1568, 1218, 900, 614, 360, 138, -52, 1900, 1520, 1172, 856, 
=================================

_mm256_loadu_pd(&matA_re[16])
_mm256_loadu_pd(&matA_im[16])
_mm256_loadu_pd(&matB_re[20])
_mm256_loadu_pd(&matB_im[20])
i = 3 , j = 2
_mm256_storeu_pd(&matC_re[212])
_mm256_storeu_pd(&matC_im[212])
matC_re= 2000, 2320, 2640, 2960, 3280, 3600, 3920, 4240, 2050, 2370, 2690, 3010, 3330, 3650, 3970, 4290, 2100, 2420, 2740, 3060, 
matC_im= 2000, 1616, 1264, 944, 656, 400, 176, -16, 1950, 1568, 1218, 900, 614, 360, 138, -52, 1900, 1520, 1172, 856, 
=================================

_mm256_loadu_pd(&matA_re[12])
_mm256_loadu_pd(&matA_im[12])
_mm256_loadu_pd(&matB_re[24])
_mm256_loadu_pd(&matB_im[24])
i = 3 , j = 3
_mm256_storeu_pd(&matC_re[216])
_mm256_storeu_pd(&matC_im[216])
matC_re= 2000, 2320, 2640, 2960, 3280, 3600, 3920, 4240, 2050, 2370, 2690, 3010, 3330, 3650, 3970, 4290, 2100, 2420, 2740, 3060, 
matC_im= 2000, 1616, 1264, 944, 656, 400, 176, -16, 1950, 1568, 1218, 900, 614, 360, 138, -52, 1900, 1520, 1172, 856, 
=================================

_mm256_loadu_pd(&matA_re[16])
_mm256_loadu_pd(&matA_im[16])
_mm256_loadu_pd(&matB_re[28])
_mm256_loadu_pd(&matB_im[28])
i = 3 , j = 3
_mm256_storeu_pd(&matC_re[220])
_mm256_storeu_pd(&matC_im[220])
matC_re= 2000, 2320, 2640, 2960, 3280, 3600, 3920, 4240, 2050, 2370, 2690, 3010, 3330, 3650, 3970, 4290, 2100, 2420, 2740, 3060, 
matC_im= 2000, 1616, 1264, 944, 656, 400, 176, -16, 1950, 1568, 1218, 900, 614, 360, 138, -52, 1900, 1520, 1172, 856, 
=================================

_mm256_loadu_pd(&matA_re[12])
_mm256_loadu_pd(&matA_im[12])
_mm256_loadu_pd(&matB_re[32])
_mm256_loadu_pd(&matB_im[32])
i = 3 , j = 4
_mm256_storeu_pd(&matC_re[224])
_mm256_storeu_pd(&matC_im[224])
matC_re= 2000, 2320, 2640, 2960, 3280, 3600, 3920, 4240, 2050, 2370, 2690, 3010, 3330, 3650, 3970, 4290, 2100, 2420, 2740, 3060, 
matC_im= 2000, 1616, 1264, 944, 656, 400, 176, -16, 1950, 1568, 1218, 900, 614, 360, 138, -52, 1900, 1520, 1172, 856, 
=================================

_mm256_loadu_pd(&matA_re[16])
_mm256_loadu_pd(&matA_im[16])
_mm256_loadu_pd(&matB_re[36])
_mm256_loadu_pd(&matB_im[36])
i = 3 , j = 4
_mm256_storeu_pd(&matC_re[228])
_mm256_storeu_pd(&matC_im[228])
matC_re= 2000, 2320, 2640, 2960, 3280, 3600, 3920, 4240, 2050, 2370, 2690, 3010, 3330, 3650, 3970, 4290, 2100, 2420, 2740, 3060, 
matC_im= 2000, 1616, 1264, 944, 656, 400, 176, -16, 1950, 1568, 1218, 900, 614, 360, 138, -52, 1900, 1520, 1172, 856, 
=================================

_mm256_loadu_pd(&matA_re[12])
_mm256_loadu_pd(&matA_im[12])
_mm256_loadu_pd(&matB_re[40])
_mm256_loadu_pd(&matB_im[40])
i = 3 , j = 5
_mm256_storeu_pd(&matC_re[232])
_mm256_storeu_pd(&matC_im[232])
matC_re= 2000, 2320, 2640, 2960, 3280, 3600, 3920, 4240, 2050, 2370, 2690, 3010, 3330, 3650, 3970, 4290, 2100, 2420, 2740, 3060, 
matC_im= 2000, 1616, 1264, 944, 656, 400, 176, -16, 1950, 1568, 1218, 900, 614, 360, 138, -52, 1900, 1520, 1172, 856, 
=================================

_mm256_loadu_pd(&matA_re[16])
_mm256_loadu_pd(&matA_im[16])
_mm256_loadu_pd(&matB_re[44])
_mm256_loadu_pd(&matB_im[44])
i = 3 , j = 5
_mm256_storeu_pd(&matC_re[236])
_mm256_storeu_pd(&matC_im[236])
matC_re= 2000, 2320, 2640, 2960, 3280, 3600, 3920, 4240, 2050, 2370, 2690, 3010, 3330, 3650, 3970, 4290, 2100, 2420, 2740, 3060, 
matC_im= 2000, 1616, 1264, 944, 656, 400, 176, -16, 1950, 1568, 1218, 900, 614, 360, 138, -52, 1900, 1520, 1172, 856, 
=================================

_mm256_loadu_pd(&matA_re[12])
_mm256_loadu_pd(&matA_im[12])
_mm256_loadu_pd(&matB_re[48])
_mm256_loadu_pd(&matB_im[48])
i = 3 , j = 6
_mm256_storeu_pd(&matC_re[240])
_mm256_storeu_pd(&matC_im[240])
matC_re= 2000, 2320, 2640, 2960, 3280, 3600, 3920, 4240, 2050, 2370, 2690, 3010, 3330, 3650, 3970, 4290, 2100, 2420, 2740, 3060, 
matC_im= 2000, 1616, 1264, 944, 656, 400, 176, -16, 1950, 1568, 1218, 900, 614, 360, 138, -52, 1900, 1520, 1172, 856, 
=================================

_mm256_loadu_pd(&matA_re[16])
_mm256_loadu_pd(&matA_im[16])
_mm256_loadu_pd(&matB_re[52])
_mm256_loadu_pd(&matB_im[52])
i = 3 , j = 6
_mm256_storeu_pd(&matC_re[244])
_mm256_storeu_pd(&matC_im[244])
matC_re= 2000, 2320, 2640, 2960, 3280, 3600, 3920, 4240, 2050, 2370, 2690, 3010, 3330, 3650, 3970, 4290, 2100, 2420, 2740, 3060, 
matC_im= 2000, 1616, 1264, 944, 656, 400, 176, -16, 1950, 1568, 1218, 900, 614, 360, 138, -52, 1900, 1520, 1172, 856, 
=================================

_mm256_loadu_pd(&matA_re[12])
_mm256_loadu_pd(&matA_im[12])
_mm256_loadu_pd(&matB_re[56])
_mm256_loadu_pd(&matB_im[56])
i = 3 , j = 7
_mm256_storeu_pd(&matC_re[248])
_mm256_storeu_pd(&matC_im[248])
matC_re= 2000, 2320, 2640, 2960, 3280, 3600, 3920, 4240, 2050, 2370, 2690, 3010, 3330, 3650, 3970, 4290, 2100, 2420, 2740, 3060, 
matC_im= 2000, 1616, 1264, 944, 656, 400, 176, -16, 1950, 1568, 1218, 900, 614, 360, 138, -52, 1900, 1520, 1172, 856, 
=================================

_mm256_loadu_pd(&matA_re[16])
_mm256_loadu_pd(&matA_im[16])
_mm256_loadu_pd(&matB_re[60])
_mm256_loadu_pd(&matB_im[60])
i = 3 , j = 7
_mm256_storeu_pd(&matC_re[252])
_mm256_storeu_pd(&matC_im[252])
matC_re= 2000, 2320, 2640, 2960, 3280, 3600, 3920, 4240, 2050, 2370, 2690, 3010, 3330, 3650, 3970, 4290, 2100, 2420, 2740, 3060, 
matC_im= 2000, 1616, 1264, 944, 656, 400, 176, -16, 1950, 1568, 1218, 900, 614, 360, 138, -52, 1900, 1520, 1172, 856, 
=================================

_mm256_loadu_pd(&matA_re[16])
_mm256_loadu_pd(&matA_im[16])
_mm256_loadu_pd(&matB_re[0])
_mm256_loadu_pd(&matB_im[0])
i = 4 , j = 0
_mm256_storeu_pd(&matC_re[256])
_mm256_storeu_pd(&matC_im[256])
matC_re= 2000, 2320, 2640, 2960, 3280, 3600, 3920, 4240, 2050, 2370, 2690, 3010, 3330, 3650, 3970, 4290, 2100, 2420, 2740, 3060, 
matC_im= 2000, 1616, 1264, 944, 656, 400, 176, -16, 1950, 1568, 1218, 900, 614, 360, 138, -52, 1900, 1520, 1172, 856, 
=================================

_mm256_loadu_pd(&matA_re[20])
_mm256_loadu_pd(&matA_im[20])
_mm256_loadu_pd(&matB_re[4])
_mm256_loadu_pd(&matB_im[4])
i = 4 , j = 0
_mm256_storeu_pd(&matC_re[260])
_mm256_storeu_pd(&matC_im[260])
matC_re= 2000, 2320, 2640, 2960, 3280, 3600, 3920, 4240, 2050, 2370, 2690, 3010, 3330, 3650, 3970, 4290, 2100, 2420, 2740, 3060, 
matC_im= 2000, 1616, 1264, 944, 656, 400, 176, -16, 1950, 1568, 1218, 900, 614, 360, 138, -52, 1900, 1520, 1172, 856, 
=================================

_mm256_loadu_pd(&matA_re[16])
_mm256_loadu_pd(&matA_im[16])
_mm256_loadu_pd(&matB_re[8])
_mm256_loadu_pd(&matB_im[8])
i = 4 , j = 1
_mm256_storeu_pd(&matC_re[264])
_mm256_storeu_pd(&matC_im[264])
matC_re= 2000, 2320, 2640, 2960, 3280, 3600, 3920, 4240, 2050, 2370, 2690, 3010, 3330, 3650, 3970, 4290, 2100, 2420, 2740, 3060, 
matC_im= 2000, 1616, 1264, 944, 656, 400, 176, -16, 1950, 1568, 1218, 900, 614, 360, 138, -52, 1900, 1520, 1172, 856, 
=================================

_mm256_loadu_pd(&matA_re[20])
_mm256_loadu_pd(&matA_im[20])
_mm256_loadu_pd(&matB_re[12])
_mm256_loadu_pd(&matB_im[12])
i = 4 , j = 1
_mm256_storeu_pd(&matC_re[268])
_mm256_storeu_pd(&matC_im[268])
matC_re= 2000, 2320, 2640, 2960, 3280, 3600, 3920, 4240, 2050, 2370, 2690, 3010, 3330, 3650, 3970, 4290, 2100, 2420, 2740, 3060, 
matC_im= 2000, 1616, 1264, 944, 656, 400, 176, -16, 1950, 1568, 1218, 900, 614, 360, 138, -52, 1900, 1520, 1172, 856, 
=================================

_mm256_loadu_pd(&matA_re[16])
_mm256_loadu_pd(&matA_im[16])
_mm256_loadu_pd(&matB_re[16])
_mm256_loadu_pd(&matB_im[16])
i = 4 , j = 2
_mm256_storeu_pd(&matC_re[272])
_mm256_storeu_pd(&matC_im[272])
matC_re= 2000, 2320, 2640, 2960, 3280, 3600, 3920, 4240, 2050, 2370, 2690, 3010, 3330, 3650, 3970, 4290, 2100, 2420, 2740, 3060, 
matC_im= 2000, 1616, 1264, 944, 656, 400, 176, -16, 1950, 1568, 1218, 900, 614, 360, 138, -52, 1900, 1520, 1172, 856, 
=================================

_mm256_loadu_pd(&matA_re[20])
_mm256_loadu_pd(&matA_im[20])
_mm256_loadu_pd(&matB_re[20])
_mm256_loadu_pd(&matB_im[20])
i = 4 , j = 2
_mm256_storeu_pd(&matC_re[276])
_mm256_storeu_pd(&matC_im[276])
matC_re= 2000, 2320, 2640, 2960, 3280, 3600, 3920, 4240, 2050, 2370, 2690, 3010, 3330, 3650, 3970, 4290, 2100, 2420, 2740, 3060, 
matC_im= 2000, 1616, 1264, 944, 656, 400, 176, -16, 1950, 1568, 1218, 900, 614, 360, 138, -52, 1900, 1520, 1172, 856, 
=================================

_mm256_loadu_pd(&matA_re[16])
_mm256_loadu_pd(&matA_im[16])
_mm256_loadu_pd(&matB_re[24])
_mm256_loadu_pd(&matB_im[24])
i = 4 , j = 3
_mm256_storeu_pd(&matC_re[280])
_mm256_storeu_pd(&matC_im[280])
matC_re= 2000, 2320, 2640, 2960, 3280, 3600, 3920, 4240, 2050, 2370, 2690, 3010, 3330, 3650, 3970, 4290, 2100, 2420, 2740, 3060, 
matC_im= 2000, 1616, 1264, 944, 656, 400, 176, -16, 1950, 1568, 1218, 900, 614, 360, 138, -52, 1900, 1520, 1172, 856, 
=================================

_mm256_loadu_pd(&matA_re[20])
_mm256_loadu_pd(&matA_im[20])
_mm256_loadu_pd(&matB_re[28])
_mm256_loadu_pd(&matB_im[28])
i = 4 , j = 3
_mm256_storeu_pd(&matC_re[284])
_mm256_storeu_pd(&matC_im[284])
matC_re= 2000, 2320, 2640, 2960, 3280, 3600, 3920, 4240, 2050, 2370, 2690, 3010, 3330, 3650, 3970, 4290, 2100, 2420, 2740, 3060, 
matC_im= 2000, 1616, 1264, 944, 656, 400, 176, -16, 1950, 1568, 1218, 900, 614, 360, 138, -52, 1900, 1520, 1172, 856, 
=================================

_mm256_loadu_pd(&matA_re[16])
_mm256_loadu_pd(&matA_im[16])
_mm256_loadu_pd(&matB_re[32])
_mm256_loadu_pd(&matB_im[32])
i = 4 , j = 4
_mm256_storeu_pd(&matC_re[288])
_mm256_storeu_pd(&matC_im[288])
matC_re= 2000, 2320, 2640, 2960, 3280, 3600, 3920, 4240, 2050, 2370, 2690, 3010, 3330, 3650, 3970, 4290, 2100, 2420, 2740, 3060, 
matC_im= 2000, 1616, 1264, 944, 656, 400, 176, -16, 1950, 1568, 1218, 900, 614, 360, 138, -52, 1900, 1520, 1172, 856, 
=================================

_mm256_loadu_pd(&matA_re[20])
_mm256_loadu_pd(&matA_im[20])
_mm256_loadu_pd(&matB_re[36])
_mm256_loadu_pd(&matB_im[36])
i = 4 , j = 4
_mm256_storeu_pd(&matC_re[292])
_mm256_storeu_pd(&matC_im[292])
matC_re= 2000, 2320, 2640, 2960, 3280, 3600, 3920, 4240, 2050, 2370, 2690, 3010, 3330, 3650, 3970, 4290, 2100, 2420, 2740, 3060, 
matC_im= 2000, 1616, 1264, 944, 656, 400, 176, -16, 1950, 1568, 1218, 900, 614, 360, 138, -52, 1900, 1520, 1172, 856, 
=================================

_mm256_loadu_pd(&matA_re[16])
_mm256_loadu_pd(&matA_im[16])
_mm256_loadu_pd(&matB_re[40])
_mm256_loadu_pd(&matB_im[40])
i = 4 , j = 5
_mm256_storeu_pd(&matC_re[296])
_mm256_storeu_pd(&matC_im[296])
matC_re= 2000, 2320, 2640, 2960, 3280, 3600, 3920, 4240, 2050, 2370, 2690, 3010, 3330, 3650, 3970, 4290, 2100, 2420, 2740, 3060, 
matC_im= 2000, 1616, 1264, 944, 656, 400, 176, -16, 1950, 1568, 1218, 900, 614, 360, 138, -52, 1900, 1520, 1172, 856, 
=================================

_mm256_loadu_pd(&matA_re[20])
_mm256_loadu_pd(&matA_im[20])
_mm256_loadu_pd(&matB_re[44])
_mm256_loadu_pd(&matB_im[44])
i = 4 , j = 5
_mm256_storeu_pd(&matC_re[300])
_mm256_storeu_pd(&matC_im[300])
matC_re= 2000, 2320, 2640, 2960, 3280, 3600, 3920, 4240, 2050, 2370, 2690, 3010, 3330, 3650, 3970, 4290, 2100, 2420, 2740, 3060, 
matC_im= 2000, 1616, 1264, 944, 656, 400, 176, -16, 1950, 1568, 1218, 900, 614, 360, 138, -52, 1900, 1520, 1172, 856, 
=================================

_mm256_loadu_pd(&matA_re[16])
_mm256_loadu_pd(&matA_im[16])
_mm256_loadu_pd(&matB_re[48])
_mm256_loadu_pd(&matB_im[48])
i = 4 , j = 6
_mm256_storeu_pd(&matC_re[304])
_mm256_storeu_pd(&matC_im[304])
matC_re= 2000, 2320, 2640, 2960, 3280, 3600, 3920, 4240, 2050, 2370, 2690, 3010, 3330, 3650, 3970, 4290, 2100, 2420, 2740, 3060, 
matC_im= 2000, 1616, 1264, 944, 656, 400, 176, -16, 1950, 1568, 1218, 900, 614, 360, 138, -52, 1900, 1520, 1172, 856, 
=================================

_mm256_loadu_pd(&matA_re[20])
_mm256_loadu_pd(&matA_im[20])
_mm256_loadu_pd(&matB_re[52])
_mm256_loadu_pd(&matB_im[52])
i = 4 , j = 6
_mm256_storeu_pd(&matC_re[308])
_mm256_storeu_pd(&matC_im[308])
matC_re= 2000, 2320, 2640, 2960, 3280, 3600, 3920, 4240, 2050, 2370, 2690, 3010, 3330, 3650, 3970, 4290, 2100, 2420, 2740, 3060, 
matC_im= 2000, 1616, 1264, 944, 656, 400, 176, -16, 1950, 1568, 1218, 900, 614, 360, 138, -52, 1900, 1520, 1172, 856, 
=================================

_mm256_loadu_pd(&matA_re[16])
_mm256_loadu_pd(&matA_im[16])
_mm256_loadu_pd(&matB_re[56])
_mm256_loadu_pd(&matB_im[56])
i = 4 , j = 7
_mm256_storeu_pd(&matC_re[312])
_mm256_storeu_pd(&matC_im[312])
matC_re= 2000, 2320, 2640, 2960, 3280, 3600, 3920, 4240, 2050, 2370, 2690, 3010, 3330, 3650, 3970, 4290, 2100, 2420, 2740, 3060, 
matC_im= 2000, 1616, 1264, 944, 656, 400, 176, -16, 1950, 1568, 1218, 900, 614, 360, 138, -52, 1900, 1520, 1172, 856, 
=================================

_mm256_loadu_pd(&matA_re[20])
_mm256_loadu_pd(&matA_im[20])
_mm256_loadu_pd(&matB_re[60])
_mm256_loadu_pd(&matB_im[60])
i = 4 , j = 7
_mm256_storeu_pd(&matC_re[316])
_mm256_storeu_pd(&matC_im[316])
matC_re= 2000, 2320, 2640, 2960, 3280, 3600, 3920, 4240, 2050, 2370, 2690, 3010, 3330, 3650, 3970, 4290, 2100, 2420, 2740, 3060, 
matC_im= 2000, 1616, 1264, 944, 656, 400, 176, -16, 1950, 1568, 1218, 900, 614, 360, 138, -52, 1900, 1520, 1172, 856, 
=================================

_mm256_loadu_pd(&matA_re[20])
_mm256_loadu_pd(&matA_im[20])
_mm256_loadu_pd(&matB_re[0])
_mm256_loadu_pd(&matB_im[0])
i = 5 , j = 0
_mm256_storeu_pd(&matC_re[320])
_mm256_storeu_pd(&matC_im[320])
matC_re= 2000, 2320, 2640, 2960, 3280, 3600, 3920, 4240, 2050, 2370, 2690, 3010, 3330, 3650, 3970, 4290, 2100, 2420, 2740, 3060, 
matC_im= 2000, 1616, 1264, 944, 656, 400, 176, -16, 1950, 1568, 1218, 900, 614, 360, 138, -52, 1900, 1520, 1172, 856, 
=================================

_mm256_loadu_pd(&matA_re[24])
_mm256_loadu_pd(&matA_im[24])
_mm256_loadu_pd(&matB_re[4])
_mm256_loadu_pd(&matB_im[4])
i = 5 , j = 0
_mm256_storeu_pd(&matC_re[324])
_mm256_storeu_pd(&matC_im[324])
matC_re= 2000, 2320, 2640, 2960, 3280, 3600, 3920, 4240, 2050, 2370, 2690, 3010, 3330, 3650, 3970, 4290, 2100, 2420, 2740, 3060, 
matC_im= 2000, 1616, 1264, 944, 656, 400, 176, -16, 1950, 1568, 1218, 900, 614, 360, 138, -52, 1900, 1520, 1172, 856, 
=================================

_mm256_loadu_pd(&matA_re[20])
_mm256_loadu_pd(&matA_im[20])
_mm256_loadu_pd(&matB_re[8])
_mm256_loadu_pd(&matB_im[8])
i = 5 , j = 1
_mm256_storeu_pd(&matC_re[328])
_mm256_storeu_pd(&matC_im[328])
matC_re= 2000, 2320, 2640, 2960, 3280, 3600, 3920, 4240, 2050, 2370, 2690, 3010, 3330, 3650, 3970, 4290, 2100, 2420, 2740, 3060, 
matC_im= 2000, 1616, 1264, 944, 656, 400, 176, -16, 1950, 1568, 1218, 900, 614, 360, 138, -52, 1900, 1520, 1172, 856, 
=================================

_mm256_loadu_pd(&matA_re[24])
_mm256_loadu_pd(&matA_im[24])
_mm256_loadu_pd(&matB_re[12])
_mm256_loadu_pd(&matB_im[12])
i = 5 , j = 1
_mm256_storeu_pd(&matC_re[332])
_mm256_storeu_pd(&matC_im[332])
matC_re= 2000, 2320, 2640, 2960, 3280, 3600, 3920, 4240, 2050, 2370, 2690, 3010, 3330, 3650, 3970, 4290, 2100, 2420, 2740, 3060, 
matC_im= 2000, 1616, 1264, 944, 656, 400, 176, -16, 1950, 1568, 1218, 900, 614, 360, 138, -52, 1900, 1520, 1172, 856, 
=================================

_mm256_loadu_pd(&matA_re[20])
_mm256_loadu_pd(&matA_im[20])
_mm256_loadu_pd(&matB_re[16])
_mm256_loadu_pd(&matB_im[16])
i = 5 , j = 2
_mm256_storeu_pd(&matC_re[336])
_mm256_storeu_pd(&matC_im[336])
matC_re= 2000, 2320, 2640, 2960, 3280, 3600, 3920, 4240, 2050, 2370, 2690, 3010, 3330, 3650, 3970, 4290, 2100, 2420, 2740, 3060, 
matC_im= 2000, 1616, 1264, 944, 656, 400, 176, -16, 1950, 1568, 1218, 900, 614, 360, 138, -52, 1900, 1520, 1172, 856, 
=================================

_mm256_loadu_pd(&matA_re[24])
_mm256_loadu_pd(&matA_im[24])
_mm256_loadu_pd(&matB_re[20])
_mm256_loadu_pd(&matB_im[20])
i = 5 , j = 2
_mm256_storeu_pd(&matC_re[340])
_mm256_storeu_pd(&matC_im[340])
matC_re= 2000, 2320, 2640, 2960, 3280, 3600, 3920, 4240, 2050, 2370, 2690, 3010, 3330, 3650, 3970, 4290, 2100, 2420, 2740, 3060, 
matC_im= 2000, 1616, 1264, 944, 656, 400, 176, -16, 1950, 1568, 1218, 900, 614, 360, 138, -52, 1900, 1520, 1172, 856, 
=================================

_mm256_loadu_pd(&matA_re[20])
_mm256_loadu_pd(&matA_im[20])
_mm256_loadu_pd(&matB_re[24])
_mm256_loadu_pd(&matB_im[24])
i = 5 , j = 3
_mm256_storeu_pd(&matC_re[344])
_mm256_storeu_pd(&matC_im[344])
matC_re= 2000, 2320, 2640, 2960, 3280, 3600, 3920, 4240, 2050, 2370, 2690, 3010, 3330, 3650, 3970, 4290, 2100, 2420, 2740, 3060, 
matC_im= 2000, 1616, 1264, 944, 656, 400, 176, -16, 1950, 1568, 1218, 900, 614, 360, 138, -52, 1900, 1520, 1172, 856, 
=================================

_mm256_loadu_pd(&matA_re[24])
_mm256_loadu_pd(&matA_im[24])
_mm256_loadu_pd(&matB_re[28])
_mm256_loadu_pd(&matB_im[28])
i = 5 , j = 3
_mm256_storeu_pd(&matC_re[348])
_mm256_storeu_pd(&matC_im[348])
matC_re= 2000, 2320, 2640, 2960, 3280, 3600, 3920, 4240, 2050, 2370, 2690, 3010, 3330, 3650, 3970, 4290, 2100, 2420, 2740, 3060, 
matC_im= 2000, 1616, 1264, 944, 656, 400, 176, -16, 1950, 1568, 1218, 900, 614, 360, 138, -52, 1900, 1520, 1172, 856, 
=================================

_mm256_loadu_pd(&matA_re[20])
_mm256_loadu_pd(&matA_im[20])
_mm256_loadu_pd(&matB_re[32])
_mm256_loadu_pd(&matB_im[32])
i = 5 , j = 4
_mm256_storeu_pd(&matC_re[352])
_mm256_storeu_pd(&matC_im[352])
matC_re= 2000, 2320, 2640, 2960, 3280, 3600, 3920, 4240, 2050, 2370, 2690, 3010, 3330, 3650, 3970, 4290, 2100, 2420, 2740, 3060, 
matC_im= 2000, 1616, 1264, 944, 656, 400, 176, -16, 1950, 1568, 1218, 900, 614, 360, 138, -52, 1900, 1520, 1172, 856, 
=================================

_mm256_loadu_pd(&matA_re[24])
_mm256_loadu_pd(&matA_im[24])
_mm256_loadu_pd(&matB_re[36])
_mm256_loadu_pd(&matB_im[36])
i = 5 , j = 4
_mm256_storeu_pd(&matC_re[356])
_mm256_storeu_pd(&matC_im[356])
matC_re= 2000, 2320, 2640, 2960, 3280, 3600, 3920, 4240, 2050, 2370, 2690, 3010, 3330, 3650, 3970, 4290, 2100, 2420, 2740, 3060, 
matC_im= 2000, 1616, 1264, 944, 656, 400, 176, -16, 1950, 1568, 1218, 900, 614, 360, 138, -52, 1900, 1520, 1172, 856, 
=================================

_mm256_loadu_pd(&matA_re[20])
_mm256_loadu_pd(&matA_im[20])
_mm256_loadu_pd(&matB_re[40])
_mm256_loadu_pd(&matB_im[40])
i = 5 , j = 5
_mm256_storeu_pd(&matC_re[360])
_mm256_storeu_pd(&matC_im[360])
matC_re= 2000, 2320, 2640, 2960, 3280, 3600, 3920, 4240, 2050, 2370, 2690, 3010, 3330, 3650, 3970, 4290, 2100, 2420, 2740, 3060, 
matC_im= 2000, 1616, 1264, 944, 656, 400, 176, -16, 1950, 1568, 1218, 900, 614, 360, 138, -52, 1900, 1520, 1172, 856, 
=================================

_mm256_loadu_pd(&matA_re[24])
_mm256_loadu_pd(&matA_im[24])
_mm256_loadu_pd(&matB_re[44])
_mm256_loadu_pd(&matB_im[44])
i = 5 , j = 5
_mm256_storeu_pd(&matC_re[364])
_mm256_storeu_pd(&matC_im[364])
matC_re= 2000, 2320, 2640, 2960, 3280, 3600, 3920, 4240, 2050, 2370, 2690, 3010, 3330, 3650, 3970, 4290, 2100, 2420, 2740, 3060, 
matC_im= 2000, 1616, 1264, 944, 656, 400, 176, -16, 1950, 1568, 1218, 900, 614, 360, 138, -52, 1900, 1520, 1172, 856, 
=================================

_mm256_loadu_pd(&matA_re[20])
_mm256_loadu_pd(&matA_im[20])
_mm256_loadu_pd(&matB_re[48])
_mm256_loadu_pd(&matB_im[48])
i = 5 , j = 6
_mm256_storeu_pd(&matC_re[368])
_mm256_storeu_pd(&matC_im[368])
matC_re= 2000, 2320, 2640, 2960, 3280, 3600, 3920, 4240, 2050, 2370, 2690, 3010, 3330, 3650, 3970, 4290, 2100, 2420, 2740, 3060, 
matC_im= 2000, 1616, 1264, 944, 656, 400, 176, -16, 1950, 1568, 1218, 900, 614, 360, 138, -52, 1900, 1520, 1172, 856, 
=================================

_mm256_loadu_pd(&matA_re[24])
_mm256_loadu_pd(&matA_im[24])
_mm256_loadu_pd(&matB_re[52])
_mm256_loadu_pd(&matB_im[52])
i = 5 , j = 6
_mm256_storeu_pd(&matC_re[372])
_mm256_storeu_pd(&matC_im[372])
matC_re= 2000, 2320, 2640, 2960, 3280, 3600, 3920, 4240, 2050, 2370, 2690, 3010, 3330, 3650, 3970, 4290, 2100, 2420, 2740, 3060, 
matC_im= 2000, 1616, 1264, 944, 656, 400, 176, -16, 1950, 1568, 1218, 900, 614, 360, 138, -52, 1900, 1520, 1172, 856, 
=================================

_mm256_loadu_pd(&matA_re[20])
_mm256_loadu_pd(&matA_im[20])
_mm256_loadu_pd(&matB_re[56])
_mm256_loadu_pd(&matB_im[56])
i = 5 , j = 7
_mm256_storeu_pd(&matC_re[376])
_mm256_storeu_pd(&matC_im[376])
matC_re= 2000, 2320, 2640, 2960, 3280, 3600, 3920, 4240, 2050, 2370, 2690, 3010, 3330, 3650, 3970, 4290, 2100, 2420, 2740, 3060, 
matC_im= 2000, 1616, 1264, 944, 656, 400, 176, -16, 1950, 1568, 1218, 900, 614, 360, 138, -52, 1900, 1520, 1172, 856, 
=================================

_mm256_loadu_pd(&matA_re[24])
_mm256_loadu_pd(&matA_im[24])
_mm256_loadu_pd(&matB_re[60])
_mm256_loadu_pd(&matB_im[60])
i = 5 , j = 7
_mm256_storeu_pd(&matC_re[380])
_mm256_storeu_pd(&matC_im[380])
matC_re= 2000, 2320, 2640, 2960, 3280, 3600, 3920, 4240, 2050, 2370, 2690, 3010, 3330, 3650, 3970, 4290, 2100, 2420, 2740, 3060, 
matC_im= 2000, 1616, 1264, 944, 656, 400, 176, -16, 1950, 1568, 1218, 900, 614, 360, 138, -52, 1900, 1520, 1172, 856, 
=================================

_mm256_loadu_pd(&matA_re[24])
_mm256_loadu_pd(&matA_im[24])
_mm256_loadu_pd(&matB_re[0])
_mm256_loadu_pd(&matB_im[0])
i = 6 , j = 0
_mm256_storeu_pd(&matC_re[384])
_mm256_storeu_pd(&matC_im[384])
matC_re= 2000, 2320, 2640, 2960, 3280, 3600, 3920, 4240, 2050, 2370, 2690, 3010, 3330, 3650, 3970, 4290, 2100, 2420, 2740, 3060, 
matC_im= 2000, 1616, 1264, 944, 656, 400, 176, -16, 1950, 1568, 1218, 900, 614, 360, 138, -52, 1900, 1520, 1172, 856, 
=================================

_mm256_loadu_pd(&matA_re[28])
_mm256_loadu_pd(&matA_im[28])
_mm256_loadu_pd(&matB_re[4])
_mm256_loadu_pd(&matB_im[4])
i = 6 , j = 0
_mm256_storeu_pd(&matC_re[388])
_mm256_storeu_pd(&matC_im[388])
matC_re= 2000, 2320, 2640, 2960, 3280, 3600, 3920, 4240, 2050, 2370, 2690, 3010, 3330, 3650, 3970, 4290, 2100, 2420, 2740, 3060, 
matC_im= 2000, 1616, 1264, 944, 656, 400, 176, -16, 1950, 1568, 1218, 900, 614, 360, 138, -52, 1900, 1520, 1172, 856, 
=================================

_mm256_loadu_pd(&matA_re[24])
_mm256_loadu_pd(&matA_im[24])
_mm256_loadu_pd(&matB_re[8])
_mm256_loadu_pd(&matB_im[8])
i = 6 , j = 1
_mm256_storeu_pd(&matC_re[392])
_mm256_storeu_pd(&matC_im[392])
matC_re= 2000, 2320, 2640, 2960, 3280, 3600, 3920, 4240, 2050, 2370, 2690, 3010, 3330, 3650, 3970, 4290, 2100, 2420, 2740, 3060, 
matC_im= 2000, 1616, 1264, 944, 656, 400, 176, -16, 1950, 1568, 1218, 900, 614, 360, 138, -52, 1900, 1520, 1172, 856, 
=================================

_mm256_loadu_pd(&matA_re[28])
_mm256_loadu_pd(&matA_im[28])
_mm256_loadu_pd(&matB_re[12])
_mm256_loadu_pd(&matB_im[12])
i = 6 , j = 1
_mm256_storeu_pd(&matC_re[396])
_mm256_storeu_pd(&matC_im[396])
matC_re= 2000, 2320, 2640, 2960, 3280, 3600, 3920, 4240, 2050, 2370, 2690, 3010, 3330, 3650, 3970, 4290, 2100, 2420, 2740, 3060, 
matC_im= 2000, 1616, 1264, 944, 656, 400, 176, -16, 1950, 1568, 1218, 900, 614, 360, 138, -52, 1900, 1520, 1172, 856, 
=================================

_mm256_loadu_pd(&matA_re[24])
_mm256_loadu_pd(&matA_im[24])
_mm256_loadu_pd(&matB_re[16])
_mm256_loadu_pd(&matB_im[16])
i = 6 , j = 2
_mm256_storeu_pd(&matC_re[400])
_mm256_storeu_pd(&matC_im[400])
matC_re= 2000, 2320, 2640, 2960, 3280, 3600, 3920, 4240, 2050, 2370, 2690, 3010, 3330, 3650, 3970, 4290, 2100, 2420, 2740, 3060, 
matC_im= 2000, 1616, 1264, 944, 656, 400, 176, -16, 1950, 1568, 1218, 900, 614, 360, 138, -52, 1900, 1520, 1172, 856, 
=================================

_mm256_loadu_pd(&matA_re[28])
_mm256_loadu_pd(&matA_im[28])
_mm256_loadu_pd(&matB_re[20])
_mm256_loadu_pd(&matB_im[20])
i = 6 , j = 2
_mm256_storeu_pd(&matC_re[404])
_mm256_storeu_pd(&matC_im[404])
matC_re= 2000, 2320, 2640, 2960, 3280, 3600, 3920, 4240, 2050, 2370, 2690, 3010, 3330, 3650, 3970, 4290, 2100, 2420, 2740, 3060, 
matC_im= 2000, 1616, 1264, 944, 656, 400, 176, -16, 1950, 1568, 1218, 900, 614, 360, 138, -52, 1900, 1520, 1172, 856, 
=================================

_mm256_loadu_pd(&matA_re[24])
_mm256_loadu_pd(&matA_im[24])
_mm256_loadu_pd(&matB_re[24])
_mm256_loadu_pd(&matB_im[24])
i = 6 , j = 3
_mm256_storeu_pd(&matC_re[408])
_mm256_storeu_pd(&matC_im[408])
matC_re= 2000, 2320, 2640, 2960, 3280, 3600, 3920, 4240, 2050, 2370, 2690, 3010, 3330, 3650, 3970, 4290, 2100, 2420, 2740, 3060, 
matC_im= 2000, 1616, 1264, 944, 656, 400, 176, -16, 1950, 1568, 1218, 900, 614, 360, 138, -52, 1900, 1520, 1172, 856, 
=================================

_mm256_loadu_pd(&matA_re[28])
_mm256_loadu_pd(&matA_im[28])
_mm256_loadu_pd(&matB_re[28])
_mm256_loadu_pd(&matB_im[28])
i = 6 , j = 3
_mm256_storeu_pd(&matC_re[412])
_mm256_storeu_pd(&matC_im[412])
matC_re= 2000, 2320, 2640, 2960, 3280, 3600, 3920, 4240, 2050, 2370, 2690, 3010, 3330, 3650, 3970, 4290, 2100, 2420, 2740, 3060, 
matC_im= 2000, 1616, 1264, 944, 656, 400, 176, -16, 1950, 1568, 1218, 900, 614, 360, 138, -52, 1900, 1520, 1172, 856, 
=================================

_mm256_loadu_pd(&matA_re[24])
_mm256_loadu_pd(&matA_im[24])
_mm256_loadu_pd(&matB_re[32])
_mm256_loadu_pd(&matB_im[32])
i = 6 , j = 4
_mm256_storeu_pd(&matC_re[416])
_mm256_storeu_pd(&matC_im[416])
matC_re= 2000, 2320, 2640, 2960, 3280, 3600, 3920, 4240, 2050, 2370, 2690, 3010, 3330, 3650, 3970, 4290, 2100, 2420, 2740, 3060, 
matC_im= 2000, 1616, 1264, 944, 656, 400, 176, -16, 1950, 1568, 1218, 900, 614, 360, 138, -52, 1900, 1520, 1172, 856, 
=================================

_mm256_loadu_pd(&matA_re[28])
_mm256_loadu_pd(&matA_im[28])
_mm256_loadu_pd(&matB_re[36])
_mm256_loadu_pd(&matB_im[36])
i = 6 , j = 4
_mm256_storeu_pd(&matC_re[420])
_mm256_storeu_pd(&matC_im[420])
matC_re= 2000, 2320, 2640, 2960, 3280, 3600, 3920, 4240, 2050, 2370, 2690, 3010, 3330, 3650, 3970, 4290, 2100, 2420, 2740, 3060, 
matC_im= 2000, 1616, 1264, 944, 656, 400, 176, -16, 1950, 1568, 1218, 900, 614, 360, 138, -52, 1900, 1520, 1172, 856, 
=================================

_mm256_loadu_pd(&matA_re[24])
_mm256_loadu_pd(&matA_im[24])
_mm256_loadu_pd(&matB_re[40])
_mm256_loadu_pd(&matB_im[40])
i = 6 , j = 5
_mm256_storeu_pd(&matC_re[424])
_mm256_storeu_pd(&matC_im[424])
matC_re= 2000, 2320, 2640, 2960, 3280, 3600, 3920, 4240, 2050, 2370, 2690, 3010, 3330, 3650, 3970, 4290, 2100, 2420, 2740, 3060, 
matC_im= 2000, 1616, 1264, 944, 656, 400, 176, -16, 1950, 1568, 1218, 900, 614, 360, 138, -52, 1900, 1520, 1172, 856, 
=================================

_mm256_loadu_pd(&matA_re[28])
_mm256_loadu_pd(&matA_im[28])
_mm256_loadu_pd(&matB_re[44])
_mm256_loadu_pd(&matB_im[44])
i = 6 , j = 5
_mm256_storeu_pd(&matC_re[428])
_mm256_storeu_pd(&matC_im[428])
matC_re= 2000, 2320, 2640, 2960, 3280, 3600, 3920, 4240, 2050, 2370, 2690, 3010, 3330, 3650, 3970, 4290, 2100, 2420, 2740, 3060, 
matC_im= 2000, 1616, 1264, 944, 656, 400, 176, -16, 1950, 1568, 1218, 900, 614, 360, 138, -52, 1900, 1520, 1172, 856, 
=================================

_mm256_loadu_pd(&matA_re[24])
_mm256_loadu_pd(&matA_im[24])
_mm256_loadu_pd(&matB_re[48])
_mm256_loadu_pd(&matB_im[48])
i = 6 , j = 6
_mm256_storeu_pd(&matC_re[432])
_mm256_storeu_pd(&matC_im[432])
matC_re= 2000, 2320, 2640, 2960, 3280, 3600, 3920, 4240, 2050, 2370, 2690, 3010, 3330, 3650, 3970, 4290, 2100, 2420, 2740, 3060, 
matC_im= 2000, 1616, 1264, 944, 656, 400, 176, -16, 1950, 1568, 1218, 900, 614, 360, 138, -52, 1900, 1520, 1172, 856, 
=================================

_mm256_loadu_pd(&matA_re[28])
_mm256_loadu_pd(&matA_im[28])
_mm256_loadu_pd(&matB_re[52])
_mm256_loadu_pd(&matB_im[52])
i = 6 , j = 6
_mm256_storeu_pd(&matC_re[436])
_mm256_storeu_pd(&matC_im[436])
matC_re= 2000, 2320, 2640, 2960, 3280, 3600, 3920, 4240, 2050, 2370, 2690, 3010, 3330, 3650, 3970, 4290, 2100, 2420, 2740, 3060, 
matC_im= 2000, 1616, 1264, 944, 656, 400, 176, -16, 1950, 1568, 1218, 900, 614, 360, 138, -52, 1900, 1520, 1172, 856, 
=================================

_mm256_loadu_pd(&matA_re[24])
_mm256_loadu_pd(&matA_im[24])
_mm256_loadu_pd(&matB_re[56])
_mm256_loadu_pd(&matB_im[56])
i = 6 , j = 7
_mm256_storeu_pd(&matC_re[440])
_mm256_storeu_pd(&matC_im[440])
matC_re= 2000, 2320, 2640, 2960, 3280, 3600, 3920, 4240, 2050, 2370, 2690, 3010, 3330, 3650, 3970, 4290, 2100, 2420, 2740, 3060, 
matC_im= 2000, 1616, 1264, 944, 656, 400, 176, -16, 1950, 1568, 1218, 900, 614, 360, 138, -52, 1900, 1520, 1172, 856, 
=================================

_mm256_loadu_pd(&matA_re[28])
_mm256_loadu_pd(&matA_im[28])
_mm256_loadu_pd(&matB_re[60])
_mm256_loadu_pd(&matB_im[60])
i = 6 , j = 7
_mm256_storeu_pd(&matC_re[444])
_mm256_storeu_pd(&matC_im[444])
matC_re= 2000, 2320, 2640, 2960, 3280, 3600, 3920, 4240, 2050, 2370, 2690, 3010, 3330, 3650, 3970, 4290, 2100, 2420, 2740, 3060, 
matC_im= 2000, 1616, 1264, 944, 656, 400, 176, -16, 1950, 1568, 1218, 900, 614, 360, 138, -52, 1900, 1520, 1172, 856, 
=================================

_mm256_loadu_pd(&matA_re[28])
_mm256_loadu_pd(&matA_im[28])
_mm256_loadu_pd(&matB_re[0])
_mm256_loadu_pd(&matB_im[0])
i = 7 , j = 0
_mm256_storeu_pd(&matC_re[448])
_mm256_storeu_pd(&matC_im[448])
matC_re= 2000, 2320, 2640, 2960, 3280, 3600, 3920, 4240, 2050, 2370, 2690, 3010, 3330, 3650, 3970, 4290, 2100, 2420, 2740, 3060, 
matC_im= 2000, 1616, 1264, 944, 656, 400, 176, -16, 1950, 1568, 1218, 900, 614, 360, 138, -52, 1900, 1520, 1172, 856, 
=================================

_mm256_loadu_pd(&matA_re[32])
_mm256_loadu_pd(&matA_im[32])
_mm256_loadu_pd(&matB_re[4])
_mm256_loadu_pd(&matB_im[4])
i = 7 , j = 0
_mm256_storeu_pd(&matC_re[452])
_mm256_storeu_pd(&matC_im[452])
matC_re= 2000, 2320, 2640, 2960, 3280, 3600, 3920, 4240, 2050, 2370, 2690, 3010, 3330, 3650, 3970, 4290, 2100, 2420, 2740, 3060, 
matC_im= 2000, 1616, 1264, 944, 656, 400, 176, -16, 1950, 1568, 1218, 900, 614, 360, 138, -52, 1900, 1520, 1172, 856, 
=================================

_mm256_loadu_pd(&matA_re[28])
_mm256_loadu_pd(&matA_im[28])
_mm256_loadu_pd(&matB_re[8])
_mm256_loadu_pd(&matB_im[8])
i = 7 , j = 1
_mm256_storeu_pd(&matC_re[456])
_mm256_storeu_pd(&matC_im[456])
matC_re= 2000, 2320, 2640, 2960, 3280, 3600, 3920, 4240, 2050, 2370, 2690, 3010, 3330, 3650, 3970, 4290, 2100, 2420, 2740, 3060, 
matC_im= 2000, 1616, 1264, 944, 656, 400, 176, -16, 1950, 1568, 1218, 900, 614, 360, 138, -52, 1900, 1520, 1172, 856, 
=================================

_mm256_loadu_pd(&matA_re[32])
_mm256_loadu_pd(&matA_im[32])
_mm256_loadu_pd(&matB_re[12])
_mm256_loadu_pd(&matB_im[12])
i = 7 , j = 1
_mm256_storeu_pd(&matC_re[460])
_mm256_storeu_pd(&matC_im[460])
matC_re= 2000, 2320, 2640, 2960, 3280, 3600, 3920, 4240, 2050, 2370, 2690, 3010, 3330, 3650, 3970, 4290, 2100, 2420, 2740, 3060, 
matC_im= 2000, 1616, 1264, 944, 656, 400, 176, -16, 1950, 1568, 1218, 900, 614, 360, 138, -52, 1900, 1520, 1172, 856, 
=================================

_mm256_loadu_pd(&matA_re[28])
_mm256_loadu_pd(&matA_im[28])
_mm256_loadu_pd(&matB_re[16])
_mm256_loadu_pd(&matB_im[16])
i = 7 , j = 2
_mm256_storeu_pd(&matC_re[464])
_mm256_storeu_pd(&matC_im[464])
matC_re= 2000, 2320, 2640, 2960, 3280, 3600, 3920, 4240, 2050, 2370, 2690, 3010, 3330, 3650, 3970, 4290, 2100, 2420, 2740, 3060, 
matC_im= 2000, 1616, 1264, 944, 656, 400, 176, -16, 1950, 1568, 1218, 900, 614, 360, 138, -52, 1900, 1520, 1172, 856, 
=================================

_mm256_loadu_pd(&matA_re[32])
_mm256_loadu_pd(&matA_im[32])
_mm256_loadu_pd(&matB_re[20])
_mm256_loadu_pd(&matB_im[20])
i = 7 , j = 2
_mm256_storeu_pd(&matC_re[468])
_mm256_storeu_pd(&matC_im[468])
matC_re= 2000, 2320, 2640, 2960, 3280, 3600, 3920, 4240, 2050, 2370, 2690, 3010, 3330, 3650, 3970, 4290, 2100, 2420, 2740, 3060, 
matC_im= 2000, 1616, 1264, 944, 656, 400, 176, -16, 1950, 1568, 1218, 900, 614, 360, 138, -52, 1900, 1520, 1172, 856, 
=================================

_mm256_loadu_pd(&matA_re[28])
_mm256_loadu_pd(&matA_im[28])
_mm256_loadu_pd(&matB_re[24])
_mm256_loadu_pd(&matB_im[24])
i = 7 , j = 3
_mm256_storeu_pd(&matC_re[472])
_mm256_storeu_pd(&matC_im[472])
matC_re= 2000, 2320, 2640, 2960, 3280, 3600, 3920, 4240, 2050, 2370, 2690, 3010, 3330, 3650, 3970, 4290, 2100, 2420, 2740, 3060, 
matC_im= 2000, 1616, 1264, 944, 656, 400, 176, -16, 1950, 1568, 1218, 900, 614, 360, 138, -52, 1900, 1520, 1172, 856, 
=================================

_mm256_loadu_pd(&matA_re[32])
_mm256_loadu_pd(&matA_im[32])
_mm256_loadu_pd(&matB_re[28])
_mm256_loadu_pd(&matB_im[28])
i = 7 , j = 3
_mm256_storeu_pd(&matC_re[476])
_mm256_storeu_pd(&matC_im[476])
matC_re= 2000, 2320, 2640, 2960, 3280, 3600, 3920, 4240, 2050, 2370, 2690, 3010, 3330, 3650, 3970, 4290, 2100, 2420, 2740, 3060, 
matC_im= 2000, 1616, 1264, 944, 656, 400, 176, -16, 1950, 1568, 1218, 900, 614, 360, 138, -52, 1900, 1520, 1172, 856, 
=================================

_mm256_loadu_pd(&matA_re[28])
_mm256_loadu_pd(&matA_im[28])
_mm256_loadu_pd(&matB_re[32])
_mm256_loadu_pd(&matB_im[32])
i = 7 , j = 4
_mm256_storeu_pd(&matC_re[480])
_mm256_storeu_pd(&matC_im[480])
matC_re= 2000, 2320, 2640, 2960, 3280, 3600, 3920, 4240, 2050, 2370, 2690, 3010, 3330, 3650, 3970, 4290, 2100, 2420, 2740, 3060, 
matC_im= 2000, 1616, 1264, 944, 656, 400, 176, -16, 1950, 1568, 1218, 900, 614, 360, 138, -52, 1900, 1520, 1172, 856, 
=================================

_mm256_loadu_pd(&matA_re[32])
_mm256_loadu_pd(&matA_im[32])
_mm256_loadu_pd(&matB_re[36])
_mm256_loadu_pd(&matB_im[36])
i = 7 , j = 4
_mm256_storeu_pd(&matC_re[484])
_mm256_storeu_pd(&matC_im[484])
matC_re= 2000, 2320, 2640, 2960, 3280, 3600, 3920, 4240, 2050, 2370, 2690, 3010, 3330, 3650, 3970, 4290, 2100, 2420, 2740, 3060, 
matC_im= 2000, 1616, 1264, 944, 656, 400, 176, -16, 1950, 1568, 1218, 900, 614, 360, 138, -52, 1900, 1520, 1172, 856, 
=================================

_mm256_loadu_pd(&matA_re[28])
_mm256_loadu_pd(&matA_im[28])
_mm256_loadu_pd(&matB_re[40])
_mm256_loadu_pd(&matB_im[40])
i = 7 , j = 5
_mm256_storeu_pd(&matC_re[488])
_mm256_storeu_pd(&matC_im[488])
matC_re= 2000, 2320, 2640, 2960, 3280, 3600, 3920, 4240, 2050, 2370, 2690, 3010, 3330, 3650, 3970, 4290, 2100, 2420, 2740, 3060, 
matC_im= 2000, 1616, 1264, 944, 656, 400, 176, -16, 1950, 1568, 1218, 900, 614, 360, 138, -52, 1900, 1520, 1172, 856, 
=================================

_mm256_loadu_pd(&matA_re[32])
_mm256_loadu_pd(&matA_im[32])
_mm256_loadu_pd(&matB_re[44])
_mm256_loadu_pd(&matB_im[44])
i = 7 , j = 5
_mm256_storeu_pd(&matC_re[492])
_mm256_storeu_pd(&matC_im[492])
matC_re= 2000, 2320, 2640, 2960, 3280, 3600, 3920, 4240, 2050, 2370, 2690, 3010, 3330, 3650, 3970, 4290, 2100, 2420, 2740, 3060, 
matC_im= 2000, 1616, 1264, 944, 656, 400, 176, -16, 1950, 1568, 1218, 900, 614, 360, 138, -52, 1900, 1520, 1172, 856, 
=================================

_mm256_loadu_pd(&matA_re[28])
_mm256_loadu_pd(&matA_im[28])
_mm256_loadu_pd(&matB_re[48])
_mm256_loadu_pd(&matB_im[48])
i = 7 , j = 6
_mm256_storeu_pd(&matC_re[496])
_mm256_storeu_pd(&matC_im[496])
matC_re= 2000, 2320, 2640, 2960, 3280, 3600, 3920, 4240, 2050, 2370, 2690, 3010, 3330, 3650, 3970, 4290, 2100, 2420, 2740, 3060, 
matC_im= 2000, 1616, 1264, 944, 656, 400, 176, -16, 1950, 1568, 1218, 900, 614, 360, 138, -52, 1900, 1520, 1172, 856, 
=================================

_mm256_loadu_pd(&matA_re[32])
_mm256_loadu_pd(&matA_im[32])
_mm256_loadu_pd(&matB_re[52])
_mm256_loadu_pd(&matB_im[52])
i = 7 , j = 6
_mm256_storeu_pd(&matC_re[500])
_mm256_storeu_pd(&matC_im[500])
matC_re= 2000, 2320, 2640, 2960, 3280, 3600, 3920, 4240, 2050, 2370, 2690, 3010, 3330, 3650, 3970, 4290, 2100, 2420, 2740, 3060, 
matC_im= 2000, 1616, 1264, 944, 656, 400, 176, -16, 1950, 1568, 1218, 900, 614, 360, 138, -52, 1900, 1520, 1172, 856, 
=================================

_mm256_loadu_pd(&matA_re[28])
_mm256_loadu_pd(&matA_im[28])
_mm256_loadu_pd(&matB_re[56])
_mm256_loadu_pd(&matB_im[56])
i = 7 , j = 7
_mm256_storeu_pd(&matC_re[504])
_mm256_storeu_pd(&matC_im[504])
matC_re= 2000, 2320, 2640, 2960, 3280, 3600, 3920, 4240, 2050, 2370, 2690, 3010, 3330, 3650, 3970, 4290, 2100, 2420, 2740, 3060, 
matC_im= 2000, 1616, 1264, 944, 656, 400, 176, -16, 1950, 1568, 1218, 900, 614, 360, 138, -52, 1900, 1520, 1172, 856, 
=================================

_mm256_loadu_pd(&matA_re[32])
_mm256_loadu_pd(&matA_im[32])
_mm256_loadu_pd(&matB_re[60])
_mm256_loadu_pd(&matB_im[60])
i = 7 , j = 7
_mm256_storeu_pd(&matC_re[508])
_mm256_storeu_pd(&matC_im[508])
matC_re= 2000, 2320, 2640, 2960, 3280, 3600, 3920, 4240, 2050, 2370, 2690, 3010, 3330, 3650, 3970, 4290, 2100, 2420, 2740, 3060, 
matC_im= 2000, 1616, 1264, 944, 656, 400, 176, -16, 1950, 1568, 1218, 900, 614, 360, 138, -52, 1900, 1520, 1172, 856, 
=================================
[1;35m
Elapsed time: 1502(us)
[0m
Real= 2000, 2320, 2640, 2960, 3280, 3600, 3920, 4240, 2050, 2370, 2690, 3010, 3330, 3650, 3970, 4290, 2100, 2420, 2740, 3060, 
Imag= 2000, 1616, 1264, 944, 656, 400, 176, -16, 1950, 1568, 1218, 900, 614, 360, 138, -52, 1900, 1520, 1172, 856, 
rowA = 8,rowB = 8,colB = 8
matC_Real[0] = 2000, matC_Real[0] = 4320, matC_Real[0] = 6960, matC_Real[0] = 9920, matC_Real[0] = 13200, matC_Real[0] = 16800, matC_Real[0] = 20720, matC_Real[0] = 24960, , 
matC_Real[1] = 2050, matC_Real[1] = 4420, matC_Real[1] = 7110, matC_Real[1] = 10120, matC_Real[1] = 13450, matC_Real[1] = 17100, matC_Real[1] = 21070, matC_Real[1] = 25360, , 
matC_Real[2] = 2100, matC_Real[2] = 4520, matC_Real[2] = 7260, matC_Real[2] = 10320, matC_Real[2] = 13700, matC_Real[2] = 17400, matC_Real[2] = 21420, matC_Real[2] = 25760, , 
matC_Real[3] = 2150, matC_Real[3] = 4620, matC_Real[3] = 7410, matC_Real[3] = 10520, matC_Real[3] = 13950, matC_Real[3] = 17700, matC_Real[3] = 21770, matC_Real[3] = 26160, , 
matC_Real[4] = 2200, matC_Real[4] = 4720, matC_Real[4] = 7560, matC_Real[4] = 10720, matC_Real[4] = 14200, matC_Real[4] = 18000, matC_Real[4] = 22120, matC_Real[4] = 26560, , 
matC_Real[5] = 2250, matC_Real[5] = 4820, matC_Real[5] = 7710, matC_Real[5] = 10920, matC_Real[5] = 14450, matC_Real[5] = 18300, matC_Real[5] = 22470, matC_Real[5] = 26960, , 
matC_Real[6] = 2300, matC_Real[6] = 4920, matC_Real[6] = 7860, matC_Real[6] = 11120, matC_Real[6] = 14700, matC_Real[6] = 18600, matC_Real[6] = 22820, matC_Real[6] = 27360, , 
matC_Real[7] = 2350, matC_Real[7] = 5020, matC_Real[7] = 8010, matC_Real[7] = 11320, matC_Real[7] = 14950, matC_Real[7] = 18900, matC_Real[7] = 23170, matC_Real[7] = 27760, , 
matC_Real[8] = 1360, matC_Real[8] = 3040, matC_Real[8] = 5040, matC_Real[8] = 7360, matC_Real[8] = 10000, matC_Real[8] = 12960, matC_Real[8] = 16240, matC_Real[8] = 19840, , 
matC_Real[9] = 1410, matC_Real[9] = 3140, matC_Real[9] = 5190, matC_Real[9] = 7560, matC_Real[9] = 10250, matC_Real[9] = 13260, matC_Real[9] = 16590, matC_Real[9] = 20240, , 
matC_Real[10] = 1460, matC_Real[10] = 3240, matC_Real[10] = 5340, matC_Real[10] = 7760, matC_Real[10] = 10500, matC_Real[10] = 13560, matC_Real[10] = 16940, matC_Real[10] = 20640, , 
matC_Real[11] = 1510, matC_Real[11] = 3340, matC_Real[11] = 5490, matC_Real[11] = 7960, matC_Real[11] = 10750, matC_Real[11] = 13860, matC_Real[11] = 17290, matC_Real[11] = 21040, , 
matC_Real[12] = 1560, matC_Real[12] = 3440, matC_Real[12] = 5640, matC_Real[12] = 8160, matC_Real[12] = 11000, matC_Real[12] = 14160, matC_Real[12] = 17640, matC_Real[12] = 21440, , 
matC_Real[13] = 1610, matC_Real[13] = 3540, matC_Real[13] = 5790, matC_Real[13] = 8360, matC_Real[13] = 11250, matC_Real[13] = 14460, matC_Real[13] = 17990, matC_Real[13] = 21840, , 
matC_Real[14] = 1660, matC_Real[14] = 3640, matC_Real[14] = 5940, matC_Real[14] = 8560, matC_Real[14] = 11500, matC_Real[14] = 14760, matC_Real[14] = 18340, matC_Real[14] = 22240, , 
matC_Real[15] = 1710, matC_Real[15] = 3740, matC_Real[15] = 6090, matC_Real[15] = 8760, matC_Real[15] = 11750, matC_Real[15] = 15060, matC_Real[15] = 18690, matC_Real[15] = 22640, , 
matC_Real[16] = 720, matC_Real[16] = 1760, matC_Real[16] = 3120, matC_Real[16] = 4800, matC_Real[16] = 6800, matC_Real[16] = 9120, matC_Real[16] = 11760, matC_Real[16] = 14720, , 
matC_Real[17] = 770, matC_Real[17] = 1860, matC_Real[17] = 3270, matC_Real[17] = 5000, matC_Real[17] = 7050, matC_Real[17] = 9420, matC_Real[17] = 12110, matC_Real[17] = 15120, , 
matC_Real[18] = 820, matC_Real[18] = 1960, matC_Real[18] = 3420, matC_Real[18] = 5200, matC_Real[18] = 7300, matC_Real[18] = 9720, matC_Real[18] = 12460, matC_Real[18] = 15520, , 
matC_Real[19] = 870, matC_Real[19] = 2060, matC_Real[19] = 3570, matC_Real[19] = 5400, matC_Real[19] = 7550, matC_Real[19] = 10020, matC_Real[19] = 12810, matC_Real[19] = 15920, , 
matC_Real[20] = 920, matC_Real[20] = 2160, matC_Real[20] = 3720, matC_Real[20] = 5600, matC_Real[20] = 7800, matC_Real[20] = 10320, matC_Real[20] = 13160, matC_Real[20] = 16320, , 
matC_Real[21] = 970, matC_Real[21] = 2260, matC_Real[21] = 3870, matC_Real[21] = 5800, matC_Real[21] = 8050, matC_Real[21] = 10620, matC_Real[21] = 13510, matC_Real[21] = 16720, , 
matC_Real[22] = 1020, matC_Real[22] = 2360, matC_Real[22] = 4020, matC_Real[22] = 6000, matC_Real[22] = 8300, matC_Real[22] = 10920, matC_Real[22] = 13860, matC_Real[22] = 17120, , 
matC_Real[23] = 1070, matC_Real[23] = 2460, matC_Real[23] = 4170, matC_Real[23] = 6200, matC_Real[23] = 8550, matC_Real[23] = 11220, matC_Real[23] = 14210, matC_Real[23] = 17520, , 
matC_Real[24] = 80, matC_Real[24] = 480, matC_Real[24] = 1200, matC_Real[24] = 2240, matC_Real[24] = 3600, matC_Real[24] = 5280, matC_Real[24] = 7280, matC_Real[24] = 9600, , 
matC_Real[25] = 130, matC_Real[25] = 580, matC_Real[25] = 1350, matC_Real[25] = 2440, matC_Real[25] = 3850, matC_Real[25] = 5580, matC_Real[25] = 7630, matC_Real[25] = 10000, , 
matC_Real[26] = 180, matC_Real[26] = 680, matC_Real[26] = 1500, matC_Real[26] = 2640, matC_Real[26] = 4100, matC_Real[26] = 5880, matC_Real[26] = 7980, matC_Real[26] = 10400, , 
matC_Real[27] = 230, matC_Real[27] = 780, matC_Real[27] = 1650, matC_Real[27] = 2840, matC_Real[27] = 4350, matC_Real[27] = 6180, matC_Real[27] = 8330, matC_Real[27] = 10800, , 
matC_Real[28] = 280, matC_Real[28] = 880, matC_Real[28] = 1800, matC_Real[28] = 3040, matC_Real[28] = 4600, matC_Real[28] = 6480, matC_Real[28] = 8680, matC_Real[28] = 11200, , 
matC_Real[29] = 330, matC_Real[29] = 980, matC_Real[29] = 1950, matC_Real[29] = 3240, matC_Real[29] = 4850, matC_Real[29] = 6780, matC_Real[29] = 9030, matC_Real[29] = 11600, , 
matC_Real[30] = 380, matC_Real[30] = 1080, matC_Real[30] = 2100, matC_Real[30] = 3440, matC_Real[30] = 5100, matC_Real[30] = 7080, matC_Real[30] = 9380, matC_Real[30] = 12000, , 
matC_Real[31] = 430, matC_Real[31] = 1180, matC_Real[31] = 2250, matC_Real[31] = 3640, matC_Real[31] = 5350, matC_Real[31] = 7380, matC_Real[31] = 9730, matC_Real[31] = 12400, , 
matC_Real[32] = -560, matC_Real[32] = -800, matC_Real[32] = -720, matC_Real[32] = -320, matC_Real[32] = 400, matC_Real[32] = 1440, matC_Real[32] = 2800, matC_Real[32] = 4480, , 
matC_Real[33] = -510, matC_Real[33] = -700, matC_Real[33] = -570, matC_Real[33] = -120, matC_Real[33] = 650, matC_Real[33] = 1740, matC_Real[33] = 3150, matC_Real[33] = 4880, , 
matC_Real[34] = -460, matC_Real[34] = -600, matC_Real[34] = -420, matC_Real[34] = 80, matC_Real[34] = 900, matC_Real[34] = 2040, matC_Real[34] = 3500, matC_Real[34] = 5280, , 
matC_Real[35] = -410, matC_Real[35] = -500, matC_Real[35] = -270, matC_Real[35] = 280, matC_Real[35] = 1150, matC_Real[35] = 2340, matC_Real[35] = 3850, matC_Real[35] = 5680, , 
matC_Real[36] = -360, matC_Real[36] = -400, matC_Real[36] = -120, matC_Real[36] = 480, matC_Real[36] = 1400, matC_Real[36] = 2640, matC_Real[36] = 4200, matC_Real[36] = 6080, , 
matC_Real[37] = -310, matC_Real[37] = -300, matC_Real[37] = 30, matC_Real[37] = 680, matC_Real[37] = 1650, matC_Real[37] = 2940, matC_Real[37] = 4550, matC_Real[37] = 6480, , 
matC_Real[38] = -260, matC_Real[38] = -200, matC_Real[38] = 180, matC_Real[38] = 880, matC_Real[38] = 1900, matC_Real[38] = 3240, matC_Real[38] = 4900, matC_Real[38] = 6880, , 
matC_Real[39] = -210, matC_Real[39] = -100, matC_Real[39] = 330, matC_Real[39] = 1080, matC_Real[39] = 2150, matC_Real[39] = 3540, matC_Real[39] = 5250, matC_Real[39] = 7280, , 
matC_Real[40] = -1200, matC_Real[40] = -2080, matC_Real[40] = -2640, matC_Real[40] = -2880, matC_Real[40] = -2800, matC_Real[40] = -2400, matC_Real[40] = -1680, matC_Real[40] = -640, , 
matC_Real[41] = -1150, matC_Real[41] = -1980, matC_Real[41] = -2490, matC_Real[41] = -2680, matC_Real[41] = -2550, matC_Real[41] = -2100, matC_Real[41] = -1330, matC_Real[41] = -240, , 
matC_Real[42] = -1100, matC_Real[42] = -1880, matC_Real[42] = -2340, matC_Real[42] = -2480, matC_Real[42] = -2300, matC_Real[42] = -1800, matC_Real[42] = -980, matC_Real[42] = 160, , 
matC_Real[43] = -1050, matC_Real[43] = -1780, matC_Real[43] = -2190, matC_Real[43] = -2280, matC_Real[43] = -2050, matC_Real[43] = -1500, matC_Real[43] = -630, matC_Real[43] = 560, , 
matC_Real[44] = -1000, matC_Real[44] = -1680, matC_Real[44] = -2040, matC_Real[44] = -2080, matC_Real[44] = -1800, matC_Real[44] = -1200, matC_Real[44] = -280, matC_Real[44] = 960, , 
matC_Real[45] = -950, matC_Real[45] = -1580, matC_Real[45] = -1890, matC_Real[45] = -1880, matC_Real[45] = -1550, matC_Real[45] = -900, matC_Real[45] = 70, matC_Real[45] = 1360, , 
matC_Real[46] = -900, matC_Real[46] = -1480, matC_Real[46] = -1740, matC_Real[46] = -1680, matC_Real[46] = -1300, matC_Real[46] = -600, matC_Real[46] = 420, matC_Real[46] = 1760, , 
matC_Real[47] = -850, matC_Real[47] = -1380, matC_Real[47] = -1590, matC_Real[47] = -1480, matC_Real[47] = -1050, matC_Real[47] = -300, matC_Real[47] = 770, matC_Real[47] = 2160, , 
matC_Real[48] = -1840, matC_Real[48] = -3360, matC_Real[48] = -4560, matC_Real[48] = -5440, matC_Real[48] = -6000, matC_Real[48] = -6240, matC_Real[48] = -6160, matC_Real[48] = -5760, , 
matC_Real[49] = -1790, matC_Real[49] = -3260, matC_Real[49] = -4410, matC_Real[49] = -5240, matC_Real[49] = -5750, matC_Real[49] = -5940, matC_Real[49] = -5810, matC_Real[49] = -5360, , 
matC_Real[50] = -1740, matC_Real[50] = -3160, matC_Real[50] = -4260, matC_Real[50] = -5040, matC_Real[50] = -5500, matC_Real[50] = -5640, matC_Real[50] = -5460, matC_Real[50] = -4960, , 
matC_Real[51] = -1690, matC_Real[51] = -3060, matC_Real[51] = -4110, matC_Real[51] = -4840, matC_Real[51] = -5250, matC_Real[51] = -5340, matC_Real[51] = -5110, matC_Real[51] = -4560, , 
matC_Real[52] = -1640, matC_Real[52] = -2960, matC_Real[52] = -3960, matC_Real[52] = -4640, matC_Real[52] = -5000, matC_Real[52] = -5040, matC_Real[52] = -4760, matC_Real[52] = -4160, , 
matC_Real[53] = -1590, matC_Real[53] = -2860, matC_Real[53] = -3810, matC_Real[53] = -4440, matC_Real[53] = -4750, matC_Real[53] = -4740, matC_Real[53] = -4410, matC_Real[53] = -3760, , 
matC_Real[54] = -1540, matC_Real[54] = -2760, matC_Real[54] = -3660, matC_Real[54] = -4240, matC_Real[54] = -4500, matC_Real[54] = -4440, matC_Real[54] = -4060, matC_Real[54] = -3360, , 
matC_Real[55] = -1490, matC_Real[55] = -2660, matC_Real[55] = -3510, matC_Real[55] = -4040, matC_Real[55] = -4250, matC_Real[55] = -4140, matC_Real[55] = -3710, matC_Real[55] = -2960, , 
matC_Real[56] = -2480, matC_Real[56] = -4640, matC_Real[56] = -6480, matC_Real[56] = -8000, matC_Real[56] = -9200, matC_Real[56] = -10080, matC_Real[56] = -10640, matC_Real[56] = -10880, , 
matC_Real[57] = -2430, matC_Real[57] = -4540, matC_Real[57] = -6330, matC_Real[57] = -7800, matC_Real[57] = -8950, matC_Real[57] = -9780, matC_Real[57] = -10290, matC_Real[57] = -10480, , 
matC_Real[58] = -2380, matC_Real[58] = -4440, matC_Real[58] = -6180, matC_Real[58] = -7600, matC_Real[58] = -8700, matC_Real[58] = -9480, matC_Real[58] = -9940, matC_Real[58] = -10080, , 
matC_Real[59] = -2330, matC_Real[59] = -4340, matC_Real[59] = -6030, matC_Real[59] = -7400, matC_Real[59] = -8450, matC_Real[59] = -9180, matC_Real[59] = -9590, matC_Real[59] = -9680, , 
matC_Real[60] = -2280, matC_Real[60] = -4240, matC_Real[60] = -5880, matC_Real[60] = -7200, matC_Real[60] = -8200, matC_Real[60] = -8880, matC_Real[60] = -9240, matC_Real[60] = -9280, , 
matC_Real[61] = -2230, matC_Real[61] = -4140, matC_Real[61] = -5730, matC_Real[61] = -7000, matC_Real[61] = -7950, matC_Real[61] = -8580, matC_Real[61] = -8890, matC_Real[61] = -8880, , 
matC_Real[62] = -2180, matC_Real[62] = -4040, matC_Real[62] = -5580, matC_Real[62] = -6800, matC_Real[62] = -7700, matC_Real[62] = -8280, matC_Real[62] = -8540, matC_Real[62] = -8480, , 
matC_Real[63] = -2130, matC_Real[63] = -3940, matC_Real[63] = -5430, matC_Real[63] = -6600, matC_Real[63] = -7450, matC_Real[63] = -7980, matC_Real[63] = -8190, matC_Real[63] = -8080, , 

matC =	
24960  + 7040i	25360  + 6696i	25760  + 6352i	26160  + 6008i	26560  + 5664i	26960  + 5320i	27360  + 4976i	27760  + 4632i	
19840  + 10624i	20240  + 10408i	20640  + 10192i	21040  + 9976i	21440  + 9760i	21840  + 9544i	22240  + 9328i	22640  + 9112i	
14720  + 14208i	15120  + 14120i	15520  + 14032i	15920  + 13944i	16320  + 13856i	16720  + 13768i	17120  + 13680i	17520  + 13592i	
9600  + 17792i	10000  + 17832i	10400  + 17872i	10800  + 17912i	11200  + 17952i	11600  + 17992i	12000  + 18032i	12400  + 18072i	
4480  + 21376i	4880  + 21544i	5280  + 21712i	5680  + 21880i	6080  + 22048i	6480  + 22216i	6880  + 22384i	7280  + 22552i	
-640  + 24960i	-240  + 25256i	160  + 25552i	560  + 25848i	960  + 26144i	1360  + 26440i	1760  + 26736i	2160  + 27032i	
-5760  + 28544i	-5360  + 28968i	-4960  + 29392i	-4560  + 29816i	-4160  + 30240i	-3760  + 30664i	-3360  + 31088i	-2960  + 31512i	
-10880  + 32128i	-10480  + 32680i	-10080  + 33232i	-9680  + 33784i	-9280  + 34336i	-8880  + 34888i	-8480  + 35440i	-8080  + 35992i	
-------------------------------------------------
	24960 + 7040i		25360 + 6696i		25760 + 6352i		26160 + 6008i		26560 + 5664i		26960 + 5320i		27360 + 4976i		27760 + 4632i	
	19840 + 10624i		20240 + 10408i		20640 + 10192i		21040 + 9976i		21440 + 9760i		21840 + 9544i		22240 + 9328i		22640 + 9112i	
	14720 + 14208i		15120 + 14120i		15520 + 14032i		15920 + 13944i		16320 + 13856i		16720 + 13768i		17120 + 13680i		17520 + 13592i	
	9600 + 17792i		10000 + 17832i		10400 + 17872i		10800 + 17912i		11200 + 17952i		11600 + 17992i		12000 + 18032i		12400 + 18072i	
	4480 + 21376i		4880 + 21544i		5280 + 21712i		5680 + 21880i		6080 + 22048i		6480 + 22216i		6880 + 22384i		7280 + 22552i	
	-640 + 24960i		-240 + 25256i		160 + 25552i		560 + 25848i		960 + 26144i		1360 + 26440i		1760 + 26736i		2160 + 27032i	
	-5760 + 28544i		-5360 + 28968i		-4960 + 29392i		-4560 + 29816i		-4160 + 30240i		-3760 + 30664i		-3360 + 31088i		-2960 + 31512i	
	-10880 + 32128i		-10480 + 32680i		-10080 + 33232i		-9680 + 33784i		-9280 + 34336i		-8880 + 34888i		-8480 + 35440i		-8080 + 35992i	
	5 + 9i		17 + 9i		5 + 12i		12 + 7i		1 + 7i	
	9 + 8i		7 + 6i		15 + -2i		5 + 4i		3 + 2i	
	2 + 3i		7 + 5i		2 + 6i		11 + 8i		10 + 3i	
	8 + -15i		-4 + 9i		-7 + 11i		-3 + 13i		-12 + -9i	
	-13 + -4i		-8 + -7i		-9 + 5i		-17 + 13i		15 + -7i	

	5 + 1i	
	5 + 3i	
	4 + -3i	
	8 + 15i	
	2 + 5i	

-------------------------------------------------
matA =	
	5.00 + 9.00i	17.00 + 9.00i	5.00 + 12.00i	12.00 + 7.00i	1.00 + 7.00i	
	9.00 + 8.00i	7.00 + 6.00i	15.00 + -2.00i	5.00 + 4.00i	3.00 + 2.00i	
	2.00 + 3.00i	7.00 + 5.00i	2.00 + 6.00i	11.00 + 8.00i	10.00 + 3.00i	
	8.00 + -15.00i	-4.00 + 9.00i	-7.00 + 11.00i	-3.00 + 13.00i	-12.00 + -9.00i	
	-13.00 + -4.00i	-8.00 + -7.00i	-9.00 + 5.00i	-17.00 + 13.00i	15.00 + -7.00i	
-------------------------------------------------
matB* =	
	5.00 + 1.00i	5.00 + 3.00i	4.00 + -3.00i	8.00 + 15.00i	2.00 + 5.00i	
	0.00 + 0.00i	0.00 + 0.00i	0.00 + 0.00i	0.00 + 0.00i	0.00 + 0.00i	
	0.00 + 0.00i	0.00 + 0.00i	0.00 + 0.00i	0.00 + 0.00i	0.00 + 0.00i	
	0.00 + 0.00i	0.00 + 0.00i	0.00 + 0.00i	0.00 + 0.00i	0.00 + 0.00i	
	0.00 + 0.00i	0.00 + 0.00i	0.00 + 0.00i	0.00 + 0.00i	0.00 + 0.00i	
-------------------------------------------------
matA_re:
5, 17, 5, 12, 1, 9, 7, 15, 5, 3, 2, 7, 2, 11, 10, 8, -4, -7, -3, -12, -13, -8, -9, -17, 15, 
matA_im:
9, 9, 12, 7, 7, 8, 6, -2, 4, 2, 3, 5, 6, 8, 3, -15, 9, 11, 13, -9, -4, -7, 5, 13, -7, 
matB_re:
5, 5, 4, 8, 2, 
matB_im:
1, 3, -3, 15, 5, 

_mm256_loadu_pd(&matA_re[0])
_mm256_loadu_pd(&matA_im[0])
_mm256_loadu_pd(&matB_re[0])
_mm256_loadu_pd(&matB_im[0])
i = 0 , j = 0
_mm256_storeu_pd(&matC_re[0])
_mm256_storeu_pd(&matC_im[0])
matC_re= 16, 58, 56, -9, 0, 0, 0, 0, 0, 0, 0, 0, 0, 0, 0, 0, 0, 0, 0, 0, 
matC_im= 50, 96, 33, 236, 0, 0, 0, 0, 0, 0, 0, 0, 0, 0, 0, 0, 0, 0, 0, 0, 
=================================

_mm256_loadu_pd(&matA_re[5])
_mm256_loadu_pd(&matA_im[5])
_mm256_loadu_pd(&matB_re[5])
_mm256_loadu_pd(&matB_im[5])
i = 0 , j = 0
_mm256_storeu_pd(&matC_re[5])
_mm256_storeu_pd(&matC_im[5])
matC_re= 16, 58, 56, -9, 0, 0, 0, 0, 0, 0, 0, 0, 0, 0, 0, 0, 0, 0, 0, 0, 
matC_im= 50, 96, 33, 236, 0, 0, 0, 0, 0, 0, 0, 0, 0, 0, 0, 0, 0, 0, 0, 0, 
=================================

_mm256_loadu_pd(&matA_re[4])
_mm256_loadu_pd(&matA_im[4])
_mm256_loadu_pd(&matB_re[0])
_mm256_loadu_pd(&matB_im[0])
i = 1 , j = 0
_mm256_storeu_pd(&matC_re[40])
_mm256_storeu_pd(&matC_im[40])
matC_re= 16, 58, 56, -9, 0, 0, 0, 0, 0, 0, 0, 0, 0, 0, 0, 0, 0, 0, 0, 0, 
matC_im= 50, 96, 33, 236, 0, 0, 0, 0, 0, 0, 0, 0, 0, 0, 0, 0, 0, 0, 0, 0, 
=================================

_mm256_loadu_pd(&matA_re[9])
_mm256_loadu_pd(&matA_im[9])
_mm256_loadu_pd(&matB_re[5])
_mm256_loadu_pd(&matB_im[5])
i = 1 , j = 0
_mm256_storeu_pd(&matC_re[45])
_mm256_storeu_pd(&matC_im[45])
matC_re= 16, 58, 56, -9, 0, 0, 0, 0, 0, 0, 0, 0, 0, 0, 0, 0, 0, 0, 0, 0, 
matC_im= 50, 96, 33, 236, 0, 0, 0, 0, 0, 0, 0, 0, 0, 0, 0, 0, 0, 0, 0, 0, 
=================================

_mm256_loadu_pd(&matA_re[8])
_mm256_loadu_pd(&matA_im[8])
_mm256_loadu_pd(&matB_re[0])
_mm256_loadu_pd(&matB_im[0])
i = 2 , j = 0
_mm256_storeu_pd(&matC_re[80])
_mm256_storeu_pd(&matC_im[80])
matC_re= 16, 58, 56, -9, 0, 0, 0, 0, 0, 0, 0, 0, 0, 0, 0, 0, 0, 0, 0, 0, 
matC_im= 50, 96, 33, 236, 0, 0, 0, 0, 0, 0, 0, 0, 0, 0, 0, 0, 0, 0, 0, 0, 
=================================

_mm256_loadu_pd(&matA_re[13])
_mm256_loadu_pd(&matA_im[13])
_mm256_loadu_pd(&matB_re[5])
_mm256_loadu_pd(&matB_im[5])
i = 2 , j = 0
_mm256_storeu_pd(&matC_re[85])
_mm256_storeu_pd(&matC_im[85])
matC_re= 16, 58, 56, -9, 0, 0, 0, 0, 0, 0, 0, 0, 0, 0, 0, 0, 0, 0, 0, 0, 
matC_im= 50, 96, 33, 236, 0, 0, 0, 0, 0, 0, 0, 0, 0, 0, 0, 0, 0, 0, 0, 0, 
=================================

_mm256_loadu_pd(&matA_re[12])
_mm256_loadu_pd(&matA_im[12])
_mm256_loadu_pd(&matB_re[0])
_mm256_loadu_pd(&matB_im[0])
i = 3 , j = 0
_mm256_storeu_pd(&matC_re[120])
_mm256_storeu_pd(&matC_im[120])
matC_re= 16, 58, 56, -9, 0, 0, 0, 0, 0, 0, 0, 0, 0, 0, 0, 0, 0, 0, 0, 0, 
matC_im= 50, 96, 33, 236, 0, 0, 0, 0, 0, 0, 0, 0, 0, 0, 0, 0, 0, 0, 0, 0, 
=================================

_mm256_loadu_pd(&matA_re[17])
_mm256_loadu_pd(&matA_im[17])
_mm256_loadu_pd(&matB_re[5])
_mm256_loadu_pd(&matB_im[5])
i = 3 , j = 0
_mm256_storeu_pd(&matC_re[125])
_mm256_storeu_pd(&matC_im[125])
matC_re= 16, 58, 56, -9, 0, 0, 0, 0, 0, 0, 0, 0, 0, 0, 0, 0, 0, 0, 0, 0, 
matC_im= 50, 96, 33, 236, 0, 0, 0, 0, 0, 0, 0, 0, 0, 0, 0, 0, 0, 0, 0, 0, 
=================================

_mm256_loadu_pd(&matA_re[16])
_mm256_loadu_pd(&matA_im[16])
_mm256_loadu_pd(&matB_re[0])
_mm256_loadu_pd(&matB_im[0])
i = 4 , j = 0
_mm256_storeu_pd(&matC_re[160])
_mm256_storeu_pd(&matC_im[160])
matC_re= 16, 58, 56, -9, 0, 0, 0, 0, 0, 0, 0, 0, 0, 0, 0, 0, 0, 0, 0, 0, 
matC_im= 50, 96, 33, 236, 0, 0, 0, 0, 0, 0, 0, 0, 0, 0, 0, 0, 0, 0, 0, 0, 
=================================

_mm256_loadu_pd(&matA_re[21])
_mm256_loadu_pd(&matA_im[21])
_mm256_loadu_pd(&matB_re[5])
_mm256_loadu_pd(&matB_im[5])
i = 4 , j = 0
_mm256_storeu_pd(&matC_re[165])
_mm256_storeu_pd(&matC_im[165])
matC_re= 16, 58, 56, -9, 0, 0, 0, 0, 0, 0, 0, 0, 0, 0, 0, 0, 0, 0, 0, 0, 
matC_im= 50, 96, 33, 236, 0, 0, 0, 0, 0, 0, 0, 0, 0, 0, 0, 0, 0, 0, 0, 0, 
=================================
[1;35m
Elapsed time: 53(us)
[0m
Real= 16, 58, 56, -9, 0, 0, 0, 0, 0, 0, 0, 0, 0, 0, 0, 0, 0, 0, 0, 0, 
Imag= 50, 96, 33, 236, 0, 0, 0, 0, 0, 0, 0, 0, 0, 0, 0, 0, 0, 0, 0, 0, 
rowA = 5,rowB = 5,colB = 1
matC_Real[0] = 16, matC_Real[0] = 74, matC_Real[0] = 130, matC_Real[0] = 121, matC_Real[0] = 121, , 
matC_Real[1] = 0, matC_Real[1] = 0, matC_Real[1] = 0, matC_Real[1] = 0, matC_Real[1] = 0, , 
matC_Real[2] = 0, matC_Real[2] = 0, matC_Real[2] = 0, matC_Real[2] = 0, matC_Real[2] = 0, , 
matC_Real[3] = 0, matC_Real[3] = 0, matC_Real[3] = 0, matC_Real[3] = 0, matC_Real[3] = 0, , 
matC_Real[4] = 0, matC_Real[4] = 0, matC_Real[4] = 0, matC_Real[4] = 0, matC_Real[4] = 0, , 

matC =	
121  + 415i	
0  + 0i	
0  + 0i	
0  + 0i	
0  + 0i	
-------------------------------------------------
	121 + 415i	
	0 + 0i	
	0 + 0i	
	0 + 0i	
	0 + 0i	
